mode: set
github.com/armada/configbundle/internal/bundler/config.go:15.35,17.52 2 0
github.com/armada/configbundle/internal/bundler/config.go:17.52,19.3 1 0
github.com/armada/configbundle/internal/bundler/config.go:20.2,20.18 1 0
github.com/armada/configbundle/internal/bundler/handler.go:40.69,42.61 2 1
github.com/armada/configbundle/internal/bundler/handler.go:42.61,45.3 2 1
github.com/armada/configbundle/internal/bundler/handler.go:46.2,46.26 1 1
github.com/armada/configbundle/internal/bundler/handler.go:46.26,49.3 2 1
github.com/armada/configbundle/internal/bundler/handler.go:51.2,52.16 2 1
github.com/armada/configbundle/internal/bundler/handler.go:52.16,55.3 2 1
github.com/armada/configbundle/internal/bundler/handler.go:59.2,59.23 1 1
github.com/armada/configbundle/internal/bundler/handler.go:59.23,63.3 3 1
github.com/armada/configbundle/internal/bundler/handler.go:65.2,70.26 4 1
github.com/armada/configbundle/internal/bundler/handler.go:70.26,72.17 2 1
github.com/armada/configbundle/internal/bundler/handler.go:72.17,75.4 2 1
github.com/armada/configbundle/internal/bundler/handler.go:76.3,78.20 3 1
github.com/armada/configbundle/internal/bundler/handler.go:81.2,82.16 2 1
github.com/armada/configbundle/internal/bundler/handler.go:82.16,85.3 2 0
github.com/armada/configbundle/internal/bundler/handler.go:87.2,88.16 2 1
github.com/armada/configbundle/internal/bundler/handler.go:88.16,91.3 2 0
github.com/armada/configbundle/internal/bundler/handler.go:93.2,108.33 3 1
github.com/armada/configbundle/internal/bundler/handler.go:130.117,131.27 1 1
github.com/armada/configbundle/internal/bundler/handler.go:131.27,133.3 1 1
github.com/armada/configbundle/internal/bundler/handler.go:136.2,137.37 2 1
github.com/armada/configbundle/internal/bundler/handler.go:137.37,139.3 1 1
github.com/armada/configbundle/internal/bundler/handler.go:141.2,144.34 3 1
github.com/armada/configbundle/internal/bundler/handler.go:144.34,146.10 2 1
github.com/armada/configbundle/internal/bundler/handler.go:146.10,147.12 1 1
github.com/armada/configbundle/internal/bundler/handler.go:149.3,150.23 2 1
github.com/armada/configbundle/internal/bundler/handler.go:150.23,151.12 1 1
github.com/armada/configbundle/internal/bundler/handler.go:153.3,158.44 2 1
github.com/armada/configbundle/internal/bundler/handler.go:160.2,160.29 1 1
github.com/armada/configbundle/internal/bundler/handler.go:167.44,170.13 3 1
github.com/armada/configbundle/internal/bundler/handler.go:170.13,172.3 1 1
github.com/armada/configbundle/internal/bundler/handler.go:173.2,175.13 3 1
github.com/armada/configbundle/internal/bundler/handler.go:175.13,177.3 1 0
github.com/armada/configbundle/internal/bundler/handler.go:178.2,178.19 1 1
github.com/armada/configbundle/internal/bundler/handler.go:183.53,186.20 2 1
github.com/armada/configbundle/internal/bundler/handler.go:186.20,188.3 1 1
github.com/armada/configbundle/internal/bundler/handler.go:190.2,190.31 1 1
github.com/armada/configbundle/internal/bundler/handler.go:190.31,191.23 1 1
github.com/armada/configbundle/internal/bundler/handler.go:191.23,192.12 1 1
github.com/armada/configbundle/internal/bundler/handler.go:194.3,194.20 1 1
github.com/armada/configbundle/internal/bundler/handler.go:194.20,200.4 1 1
github.com/armada/configbundle/internal/bundler/handler.go:201.3,201.60 1 1
github.com/armada/configbundle/internal/bundler/handler.go:201.60,207.4 1 1
github.com/armada/configbundle/internal/bundler/handler.go:210.2,210.35 1 1
github.com/armada/configbundle/internal/bundler/handler.go:218.63,220.31 2 1
github.com/armada/configbundle/internal/bundler/handler.go:220.31,221.23 1 1
github.com/armada/configbundle/internal/bundler/handler.go:221.23,222.12 1 1
github.com/armada/configbundle/internal/bundler/handler.go:224.3,225.21 2 1
github.com/armada/configbundle/internal/bundler/handler.go:225.21,227.4 1 1
github.com/armada/configbundle/internal/bundler/handler.go:228.3,233.29 2 1
github.com/armada/configbundle/internal/bundler/handler.go:233.29,235.4 1 1
github.com/armada/configbundle/internal/bundler/handler.go:236.3,236.43 1 1
github.com/armada/configbundle/internal/bundler/handler.go:238.2,238.13 1 1
github.com/armada/configbundle/internal/bundler/handler.go:243.60,246.16 3 1
github.com/armada/configbundle/internal/bundler/handler.go:246.16,248.3 1 0
github.com/armada/configbundle/internal/bundler/handler.go:249.2,250.12 2 1
github.com/armada/configbundle/internal/bundler/orbital.go:112.107,117.16 2 0
github.com/armada/configbundle/internal/bundler/orbital.go:117.16,119.3 1 0
github.com/armada/configbundle/internal/bundler/orbital.go:121.2,122.16 2 0
github.com/armada/configbundle/internal/bundler/orbital.go:122.16,124.3 1 0
github.com/armada/configbundle/internal/bundler/orbital.go:125.2,126.25 2 0
github.com/armada/configbundle/internal/bundler/orbital.go:126.25,128.3 1 0
github.com/armada/configbundle/internal/bundler/orbital.go:130.2,131.16 2 0
github.com/armada/configbundle/internal/bundler/orbital.go:131.16,133.3 1 0
github.com/armada/configbundle/internal/bundler/orbital.go:134.2,136.38 2 0
github.com/armada/configbundle/internal/bundler/orbital.go:136.38,138.3 1 0
github.com/armada/configbundle/internal/bundler/orbital.go:140.2,141.68 2 0
github.com/armada/configbundle/internal/bundler/orbital.go:141.68,143.3 1 0
github.com/armada/configbundle/internal/bundler/orbital.go:144.2,144.29 1 0
github.com/armada/configbundle/internal/bundler/orbital.go:144.29,146.3 1 0
github.com/armada/configbundle/internal/bundler/orbital.go:148.2,148.42 1 0
github.com/armada/configbundle/internal/bundler/orbital.go:151.102,153.16 2 0
github.com/armada/configbundle/internal/bundler/orbital.go:153.16,155.3 1 0
github.com/armada/configbundle/internal/bundler/orbital.go:156.2,156.25 1 0
github.com/armada/configbundle/internal/bundler/orbital.go:156.25,158.3 1 0
github.com/armada/configbundle/internal/bundler/orbital.go:160.2,161.16 2 0
github.com/armada/configbundle/internal/bundler/orbital.go:161.16,163.3 1 0
github.com/armada/configbundle/internal/bundler/orbital.go:164.2,166.38 2 0
github.com/armada/configbundle/internal/bundler/orbital.go:166.38,168.3 1 0
github.com/armada/configbundle/internal/bundler/orbital.go:170.2,171.72 2 0
github.com/armada/configbundle/internal/bundler/orbital.go:171.72,173.3 1 0
github.com/armada/configbundle/internal/bundler/orbital.go:174.2,174.25 1 0
github.com/armada/configbundle/api/v1/configbundle_types.go:177.13,179.2 1 0
github.com/armada/configbundle/api/v1/serverconfig_types.go:101.13,103.2 1 0
github.com/armada/configbundle/api/v1/zz_generated.deepcopy.go:29.57,35.2 5 0
github.com/armada/configbundle/api/v1/zz_generated.deepcopy.go:38.50,39.15 1 0
github.com/armada/configbundle/api/v1/zz_generated.deepcopy.go:39.15,41.3 1 0
github.com/armada/configbundle/api/v1/zz_generated.deepcopy.go:42.2,44.12 3 0
github.com/armada/configbundle/api/v1/zz_generated.deepcopy.go:48.57,49.34 1 0
github.com/armada/configbundle/api/v1/zz_generated.deepcopy.go:49.34,51.3 1 0
github.com/armada/configbundle/api/v1/zz_generated.deepcopy.go:52.2,52.12 1 0
github.com/armada/configbundle/api/v1/zz_generated.deepcopy.go:56.65,60.21 4 0
github.com/armada/configbundle/api/v1/zz_generated.deepcopy.go:60.21,63.22 3 0
github.com/armada/configbundle/api/v1/zz_generated.deepcopy.go:63.22,65.4 1 0
github.com/armada/configbundle/api/v1/zz_generated.deepcopy.go:70.58,71.15 1 0
github.com/armada/configbundle/api/v1/zz_generated.deepcopy.go:71.15,73.3 1 0
github.com/armada/configbundle/api/v1/zz_generated.deepcopy.go:74.2,76.12 3 0
github.com/armada/configbundle/api/v1/zz_generated.deepcopy.go:80.61,81.34 1 0
github.com/armada/configbundle/api/v1/zz_generated.deepcopy.go:81.34,83.3 1 0
github.com/armada/configbundle/api/v1/zz_generated.deepcopy.go:84.2,84.12 1 0
github.com/armada/configbundle/api/v1/zz_generated.deepcopy.go:88.65,90.23 2 0
github.com/armada/configbundle/api/v1/zz_generated.deepcopy.go:90.23,94.3 3 0
github.com/armada/configbundle/api/v1/zz_generated.deepcopy.go:95.2,95.24 1 0
github.com/armada/configbundle/api/v1/zz_generated.deepcopy.go:95.24,99.3 3 0
github.com/armada/configbundle/api/v1/zz_generated.deepcopy.go:103.58,104.15 1 0
github.com/armada/configbundle/api/v1/zz_generated.deepcopy.go:104.15,106.3 1 0
github.com/armada/configbundle/api/v1/zz_generated.deepcopy.go:107.2,109.12 3 0
github.com/armada/configbundle/api/v1/zz_generated.deepcopy.go:113.69,115.26 2 0
github.com/armada/configbundle/api/v1/zz_generated.deepcopy.go:115.26,118.22 3 0
github.com/armada/configbundle/api/v1/zz_generated.deepcopy.go:118.22,120.4 1 0
github.com/armada/configbundle/api/v1/zz_generated.deepcopy.go:122.2,122.29 1 0
github.com/armada/configbundle/api/v1/zz_generated.deepcopy.go:122.29,125.3 2 0
github.com/armada/configbundle/api/v1/zz_generated.deepcopy.go:129.62,130.15 1 0
github.com/armada/configbundle/api/v1/zz_generated.deepcopy.go:130.15,132.3 1 0
github.com/armada/configbundle/api/v1/zz_generated.deepcopy.go:133.2,135.12 3 0
github.com/armada/configbundle/api/v1/zz_generated.deepcopy.go:139.51,141.2 1 0
github.com/armada/configbundle/api/v1/zz_generated.deepcopy.go:144.44,145.15 1 0
github.com/armada/configbundle/api/v1/zz_generated.deepcopy.go:145.15,147.3 1 0
github.com/armada/configbundle/api/v1/zz_generated.deepcopy.go:148.2,150.12 3 0
github.com/armada/configbundle/api/v1/zz_generated.deepcopy.go:154.57,160.2 5 0
github.com/armada/configbundle/api/v1/zz_generated.deepcopy.go:163.50,164.15 1 0
github.com/armada/configbundle/api/v1/zz_generated.deepcopy.go:164.15,166.3 1 0
github.com/armada/configbundle/api/v1/zz_generated.deepcopy.go:167.2,169.12 3 0
github.com/armada/configbundle/api/v1/zz_generated.deepcopy.go:173.57,174.34 1 0
github.com/armada/configbundle/api/v1/zz_generated.deepcopy.go:174.34,176.3 1 0
github.com/armada/configbundle/api/v1/zz_generated.deepcopy.go:177.2,177.12 1 0
github.com/armada/configbundle/api/v1/zz_generated.deepcopy.go:181.65,185.21 4 0
github.com/armada/configbundle/api/v1/zz_generated.deepcopy.go:185.21,188.22 3 0
github.com/armada/configbundle/api/v1/zz_generated.deepcopy.go:188.22,190.4 1 0
github.com/armada/configbundle/api/v1/zz_generated.deepcopy.go:195.58,196.15 1 0
github.com/armada/configbundle/api/v1/zz_generated.deepcopy.go:196.15,198.3 1 0
github.com/armada/configbundle/api/v1/zz_generated.deepcopy.go:199.2,201.12 3 0
github.com/armada/configbundle/api/v1/zz_generated.deepcopy.go:205.61,206.34 1 0
github.com/armada/configbundle/api/v1/zz_generated.deepcopy.go:206.34,208.3 1 0
github.com/armada/configbundle/api/v1/zz_generated.deepcopy.go:209.2,209.12 1 0
github.com/armada/configbundle/api/v1/zz_generated.deepcopy.go:213.65,216.2 2 0
github.com/armada/configbundle/api/v1/zz_generated.deepcopy.go:219.58,220.15 1 0
github.com/armada/configbundle/api/v1/zz_generated.deepcopy.go:220.15,222.3 1 0
github.com/armada/configbundle/api/v1/zz_generated.deepcopy.go:223.2,225.12 3 0
github.com/armada/configbundle/api/v1/zz_generated.deepcopy.go:229.69,231.26 2 0
github.com/armada/configbundle/api/v1/zz_generated.deepcopy.go:231.26,234.22 3 0
github.com/armada/configbundle/api/v1/zz_generated.deepcopy.go:234.22,236.4 1 0
github.com/armada/configbundle/api/v1/zz_generated.deepcopy.go:241.62,242.15 1 0
github.com/armada/configbundle/api/v1/zz_generated.deepcopy.go:242.15,244.3 1 0
github.com/armada/configbundle/api/v1/zz_generated.deepcopy.go:245.2,247.12 3 0
github.com/armada/configbundle/api/v1/zz_generated.deepcopy.go:251.53,254.2 2 0
github.com/armada/configbundle/api/v1/zz_generated.deepcopy.go:257.46,258.15 1 0
github.com/armada/configbundle/api/v1/zz_generated.deepcopy.go:258.15,260.3 1 0
github.com/armada/configbundle/api/v1/zz_generated.deepcopy.go:261.2,263.12 3 0
github.com/armada/configbundle/api/v1/zz_generated.deepcopy.go:267.59,269.2 1 0
github.com/armada/configbundle/api/v1/zz_generated.deepcopy.go:272.52,273.15 1 0
github.com/armada/configbundle/api/v1/zz_generated.deepcopy.go:273.15,275.3 1 0
github.com/armada/configbundle/api/v1/zz_generated.deepcopy.go:276.2,278.12 3 0
github.com/armada/configbundle/cmd/main.go:45.50,46.34 1 0
github.com/armada/configbundle/cmd/main.go:46.34,48.3 1 0
github.com/armada/configbundle/cmd/main.go:49.2,49.19 1 0
github.com/armada/configbundle/cmd/main.go:57.13,62.2 2 0
github.com/armada/configbundle/cmd/main.go:65.13,105.38 24 0
github.com/armada/configbundle/cmd/main.go:105.38,108.3 2 0
github.com/armada/configbundle/cmd/main.go:110.2,110.18 1 0
github.com/armada/configbundle/cmd/main.go:110.18,112.3 1 0
github.com/armada/configbundle/cmd/main.go:115.2,120.30 3 0
github.com/armada/configbundle/cmd/main.go:120.30,127.3 4 0
github.com/armada/configbundle/cmd/main.go:129.2,141.19 3 0
github.com/armada/configbundle/cmd/main.go:141.19,147.3 1 0
github.com/armada/configbundle/cmd/main.go:157.2,157.30 1 0
github.com/armada/configbundle/cmd/main.go:157.30,164.3 4 0
github.com/armada/configbundle/cmd/main.go:166.2,185.16 2 0
github.com/armada/configbundle/cmd/main.go:185.16,188.3 2 0
github.com/armada/configbundle/cmd/main.go:190.2,193.39 1 0
github.com/armada/configbundle/cmd/main.go:193.39,196.3 2 0
github.com/armada/configbundle/cmd/main.go:198.2,206.42 3 0
github.com/armada/configbundle/cmd/main.go:206.42,209.3 2 0
github.com/armada/configbundle/cmd/main.go:212.2,217.41 2 0
github.com/armada/configbundle/cmd/main.go:217.41,220.3 2 0
github.com/armada/configbundle/cmd/main.go:221.2,225.69 2 0
github.com/armada/configbundle/cmd/main.go:225.69,228.3 2 0
github.com/armada/configbundle/cmd/main.go:229.2,229.67 1 0
github.com/armada/configbundle/cmd/main.go:229.67,232.3 2 0
github.com/armada/configbundle/cmd/main.go:234.2,235.61 2 0
github.com/armada/configbundle/cmd/main.go:235.61,238.3 2 0
github.com/armada/configbundle/cmd/bundler/main.go:11.13,13.16 2 0
github.com/armada/configbundle/cmd/bundler/main.go:13.16,15.3 1 0
github.com/armada/configbundle/cmd/bundler/main.go:17.2,28.63 5 0
github.com/armada/configbundle/cmd/bundler/main.go:28.63,30.3 1 0
github.com/armada/configbundle/test/utils/utils.go:38.27,40.2 1 0
github.com/armada/configbundle/test/utils/utils.go:43.41,47.42 3 0
github.com/armada/configbundle/test/utils/utils.go:47.42,49.3 1 0
github.com/armada/configbundle/test/utils/utils.go:51.2,55.16 5 0
github.com/armada/configbundle/test/utils/utils.go:55.16,57.3 1 0
github.com/armada/configbundle/test/utils/utils.go:59.2,59.28 1 0
github.com/armada/configbundle/test/utils/utils.go:63.29,66.36 3 0
github.com/armada/configbundle/test/utils/utils.go:66.36,68.3 1 0
github.com/armada/configbundle/test/utils/utils.go:71.2,75.41 2 0
github.com/armada/configbundle/test/utils/utils.go:75.41,78.37 2 0
github.com/armada/configbundle/test/utils/utils.go:78.37,80.4 1 0
github.com/armada/configbundle/test/utils/utils.go:85.33,88.36 3 0
github.com/armada/configbundle/test/utils/utils.go:88.36,90.3 1 0
github.com/armada/configbundle/test/utils/utils.go:93.2,100.12 3 0
github.com/armada/configbundle/test/utils/utils.go:105.40,119.16 4 0
github.com/armada/configbundle/test/utils/utils.go:119.16,121.3 1 0
github.com/armada/configbundle/test/utils/utils.go:124.2,125.38 2 0
github.com/armada/configbundle/test/utils/utils.go:125.38,126.32 1 0
github.com/armada/configbundle/test/utils/utils.go:126.32,127.35 1 0
github.com/armada/configbundle/test/utils/utils.go:127.35,129.5 1 0
github.com/armada/configbundle/test/utils/utils.go:133.2,133.14 1 0
github.com/armada/configbundle/test/utils/utils.go:137.56,139.47 2 0
github.com/armada/configbundle/test/utils/utils.go:139.47,141.3 1 0
github.com/armada/configbundle/test/utils/utils.go:142.2,144.39 3 0
github.com/armada/configbundle/test/utils/utils.go:144.39,146.3 1 0
github.com/armada/configbundle/test/utils/utils.go:147.2,149.12 3 0
github.com/armada/configbundle/test/utils/utils.go:154.47,157.32 3 0
github.com/armada/configbundle/test/utils/utils.go:157.32,158.20 1 0
github.com/armada/configbundle/test/utils/utils.go:158.20,160.4 1 0
github.com/armada/configbundle/test/utils/utils.go:163.2,163.12 1 0
github.com/armada/configbundle/test/utils/utils.go:167.38,169.16 2 0
github.com/armada/configbundle/test/utils/utils.go:169.16,171.3 1 0
github.com/armada/configbundle/test/utils/utils.go:172.2,173.16 2 0
github.com/armada/configbundle/test/utils/utils.go:178.59,182.16 2 0
github.com/armada/configbundle/test/utils/utils.go:182.16,184.3 1 0
github.com/armada/configbundle/test/utils/utils.go:185.2,188.13 3 0
github.com/armada/configbundle/test/utils/utils.go:188.13,190.3 1 0
github.com/armada/configbundle/test/utils/utils.go:192.2,194.16 3 0
github.com/armada/configbundle/test/utils/utils.go:194.16,196.3 1 0
github.com/armada/configbundle/test/utils/utils.go:198.2,199.21 2 0
github.com/armada/configbundle/test/utils/utils.go:199.21,201.3 1 0
github.com/armada/configbundle/test/utils/utils.go:202.2,202.6 1 0
github.com/armada/configbundle/test/utils/utils.go:202.6,203.87 1 0
github.com/armada/configbundle/test/utils/utils.go:203.87,205.4 1 0
github.com/armada/configbundle/test/utils/utils.go:207.3,207.22 1 0
github.com/armada/configbundle/test/utils/utils.go:207.22,208.9 1 0
github.com/armada/configbundle/test/utils/utils.go:210.3,210.49 1 0
github.com/armada/configbundle/test/utils/utils.go:210.49,212.4 1 0
github.com/armada/configbundle/test/utils/utils.go:215.2,215.63 1 0
github.com/armada/configbundle/test/utils/utils.go:215.63,217.3 1 0
github.com/armada/configbundle/test/utils/utils.go:221.2,221.65 1 0
github.com/armada/configbundle/test/utils/utils.go:221.65,223.3 1 0
github.com/armada/configbundle/test/utils/utils.go:225.2,225.12 1 0
github.com/armada/configbundle/internal/controller/configbundle_controller.go:43.104,47.60 3 1
github.com/armada/configbundle/internal/controller/configbundle_controller.go:47.60,49.3 1 0
github.com/armada/configbundle/internal/controller/configbundle_controller.go:51.2,53.41 2 1
github.com/armada/configbundle/internal/controller/configbundle_controller.go:53.41,54.63 1 1
github.com/armada/configbundle/internal/controller/configbundle_controller.go:54.63,57.4 2 1
github.com/armada/configbundle/internal/controller/configbundle_controller.go:58.3,58.79 1 1
github.com/armada/configbundle/internal/controller/configbundle_controller.go:61.2,61.27 1 1
github.com/armada/configbundle/internal/controller/configbundle_controller.go:66.134,84.70 2 1
github.com/armada/configbundle/internal/controller/configbundle_controller.go:84.70,86.3 1 0
github.com/armada/configbundle/internal/controller/configbundle_controller.go:88.2,91.3 1 1
github.com/armada/configbundle/internal/controller/configbundle_controller.go:96.75,102.2 1 1
github.com/armada/configbundle/internal/controller/consume.go:51.48,52.32 1 0
github.com/armada/configbundle/internal/controller/consume.go:52.32,52.49 1 0
github.com/armada/configbundle/internal/controller/consume.go:56.51,57.32 1 1
github.com/armada/configbundle/internal/controller/consume.go:57.32,57.52 1 1
github.com/armada/configbundle/internal/controller/consume.go:62.72,63.32 1 0
github.com/armada/configbundle/internal/controller/consume.go:63.32,63.50 1 0
github.com/armada/configbundle/internal/controller/consume.go:69.80,70.32 1 1
github.com/armada/configbundle/internal/controller/consume.go:70.32,73.3 2 1
github.com/armada/configbundle/internal/controller/consume.go:77.84,86.27 2 1
github.com/armada/configbundle/internal/controller/consume.go:86.27,88.3 1 1
github.com/armada/configbundle/internal/controller/consume.go:89.2,89.10 1 1
github.com/armada/configbundle/internal/controller/consume.go:94.52,94.68 1 0
github.com/armada/configbundle/internal/controller/consume.go:97.58,105.12 6 0
github.com/armada/configbundle/internal/controller/consume.go:105.12,110.3 4 0
github.com/armada/configbundle/internal/controller/consume.go:112.2,113.86 2 0
github.com/armada/configbundle/internal/controller/consume.go:113.86,115.3 1 0
github.com/armada/configbundle/internal/controller/consume.go:116.2,116.12 1 0
github.com/armada/configbundle/internal/controller/consume.go:127.79,130.62 2 1
github.com/armada/configbundle/internal/controller/consume.go:130.62,133.3 2 1
github.com/armada/configbundle/internal/controller/consume.go:135.2,140.16 5 1
github.com/armada/configbundle/internal/controller/consume.go:140.16,143.3 2 0
github.com/armada/configbundle/internal/controller/consume.go:144.2,144.34 1 1
github.com/armada/configbundle/internal/controller/consume.go:144.34,147.3 2 1
github.com/armada/configbundle/internal/controller/consume.go:150.2,151.16 2 1
github.com/armada/configbundle/internal/controller/consume.go:151.16,154.3 2 1
github.com/armada/configbundle/internal/controller/consume.go:155.2,155.27 1 1
github.com/armada/configbundle/internal/controller/consume.go:155.27,158.3 2 1
github.com/armada/configbundle/internal/controller/consume.go:160.2,165.22 3 1
github.com/armada/configbundle/internal/controller/consume.go:165.22,167.3 1 1
github.com/armada/configbundle/internal/controller/consume.go:170.2,170.12 1 1
github.com/armada/configbundle/internal/controller/consume.go:170.12,171.62 1 1
github.com/armada/configbundle/internal/controller/consume.go:171.62,173.4 1 1
github.com/armada/configbundle/internal/controller/consume.go:176.2,176.30 1 1
github.com/armada/configbundle/internal/controller/consume.go:181.104,183.16 2 1
github.com/armada/configbundle/internal/controller/consume.go:183.16,185.3 1 0
github.com/armada/configbundle/internal/controller/consume.go:186.2,186.27 1 1
github.com/armada/configbundle/internal/controller/consume.go:186.27,188.3 1 1
github.com/armada/configbundle/internal/controller/consume.go:191.2,196.39 3 1
github.com/armada/configbundle/internal/controller/consume.go:196.39,198.3 1 0
github.com/armada/configbundle/internal/controller/consume.go:202.2,218.52 4 1
github.com/armada/configbundle/internal/controller/consume.go:218.52,219.18 1 1
github.com/armada/configbundle/internal/controller/consume.go:219.18,221.11 2 0
github.com/armada/configbundle/internal/controller/consume.go:222.22,223.85 1 0
github.com/armada/configbundle/internal/controller/consume.go:224.28,224.28 0 0
github.com/armada/configbundle/internal/controller/consume.go:227.3,230.21 2 1
github.com/armada/configbundle/internal/controller/consume.go:230.21,231.9 1 1
github.com/armada/configbundle/internal/controller/consume.go:236.2,238.42 2 1
github.com/armada/configbundle/internal/controller/consume.go:238.42,240.3 1 0
github.com/armada/configbundle/internal/controller/consume.go:241.2,241.20 1 1
github.com/armada/configbundle/internal/controller/consume.go:241.20,243.3 1 0
github.com/armada/configbundle/internal/controller/consume.go:244.2,244.24 1 1
github.com/armada/configbundle/internal/controller/consume.go:244.24,246.3 1 0
github.com/armada/configbundle/internal/controller/consume.go:249.2,249.23 1 1
github.com/armada/configbundle/internal/controller/consume.go:249.23,251.3 1 0
github.com/armada/configbundle/internal/controller/consume.go:256.2,263.61 6 1
github.com/armada/configbundle/internal/controller/consume.go:263.61,265.3 1 0
github.com/armada/configbundle/internal/controller/consume.go:267.2,267.12 1 1
github.com/armada/configbundle/internal/controller/consume.go:271.68,273.52 2 1
github.com/armada/configbundle/internal/controller/consume.go:273.52,275.3 1 1
github.com/armada/configbundle/internal/controller/consume.go:276.2,276.18 1 1
github.com/armada/configbundle/internal/controller/consume.go:282.129,284.21 2 1
github.com/armada/configbundle/internal/controller/consume.go:284.21,286.3 1 1
github.com/armada/configbundle/internal/controller/consume.go:287.2,288.33 2 1
github.com/armada/configbundle/internal/controller/consume.go:288.33,289.27 1 1
github.com/armada/configbundle/internal/controller/consume.go:289.27,291.4 1 1
github.com/armada/configbundle/internal/controller/consume.go:293.2,294.13 2 1
github.com/armada/configbundle/internal/controller/consume.go:304.87,306.38 2 1
github.com/armada/configbundle/internal/controller/consume.go:306.38,307.62 1 1
github.com/armada/configbundle/internal/controller/consume.go:307.62,308.12 1 1
github.com/armada/configbundle/internal/controller/consume.go:310.3,311.69 2 1
github.com/armada/configbundle/internal/controller/consume.go:311.69,312.12 1 0
github.com/armada/configbundle/internal/controller/consume.go:314.3,316.33 3 1
github.com/armada/configbundle/internal/controller/consume.go:316.33,317.38 1 1
github.com/armada/configbundle/internal/controller/consume.go:317.38,318.13 1 0
github.com/armada/configbundle/internal/controller/consume.go:320.4,323.89 2 1
github.com/armada/configbundle/internal/controller/consume.go:323.89,324.13 1 0
github.com/armada/configbundle/internal/controller/consume.go:326.4,326.31 1 1
github.com/armada/configbundle/internal/controller/consume.go:326.31,328.5 1 1
github.com/armada/configbundle/internal/controller/consume.go:331.2,331.14 1 1
github.com/armada/configbundle/internal/controller/consume.go:335.123,337.32 2 1
github.com/armada/configbundle/internal/controller/consume.go:337.32,338.25 1 1
github.com/armada/configbundle/internal/controller/consume.go:338.25,344.4 5 1
github.com/armada/configbundle/internal/controller/consume.go:346.2,352.4 1 1
github.com/armada/configbundle/internal/controller/divergence_reporter.go:39.67,40.37 1 1
github.com/armada/configbundle/internal/controller/divergence_reporter.go:40.37,40.58 1 1
github.com/armada/configbundle/internal/controller/divergence_reporter.go:43.66,44.37 1 1
github.com/armada/configbundle/internal/controller/divergence_reporter.go:44.37,44.57 1 1
github.com/armada/configbundle/internal/controller/divergence_reporter.go:47.71,48.37 1 0
github.com/armada/configbundle/internal/controller/divergence_reporter.go:48.37,48.55 1 0
github.com/armada/configbundle/internal/controller/divergence_reporter.go:51.67,52.37 1 1
github.com/armada/configbundle/internal/controller/divergence_reporter.go:52.37,52.60 1 1
github.com/armada/configbundle/internal/controller/divergence_reporter.go:55.99,65.27 2 1
github.com/armada/configbundle/internal/controller/divergence_reporter.go:65.27,67.3 1 1
github.com/armada/configbundle/internal/controller/divergence_reporter.go:68.2,68.10 1 1
github.com/armada/configbundle/internal/controller/divergence_reporter.go:71.57,71.72 1 0
github.com/armada/configbundle/internal/controller/divergence_reporter.go:73.63,74.16 1 0
github.com/armada/configbundle/internal/controller/divergence_reporter.go:74.16,77.3 2 0
github.com/armada/configbundle/internal/controller/divergence_reporter.go:79.2,85.6 5 0
github.com/armada/configbundle/internal/controller/divergence_reporter.go:85.6,86.10 1 0
github.com/armada/configbundle/internal/controller/divergence_reporter.go:87.21,88.14 1 0
github.com/armada/configbundle/internal/controller/divergence_reporter.go:89.19,90.40 1 0
github.com/armada/configbundle/internal/controller/divergence_reporter.go:90.40,92.5 1 0
github.com/armada/configbundle/internal/controller/divergence_reporter.go:112.64,116.85 3 1
github.com/armada/configbundle/internal/controller/divergence_reporter.go:116.85,118.3 1 0
github.com/armada/configbundle/internal/controller/divergence_reporter.go:120.2,120.30 1 1
github.com/armada/configbundle/internal/controller/divergence_reporter.go:120.30,128.51 4 1
github.com/armada/configbundle/internal/controller/divergence_reporter.go:128.51,130.12 2 0
github.com/armada/configbundle/internal/controller/divergence_reporter.go:132.3,132.91 1 1
github.com/armada/configbundle/internal/controller/divergence_reporter.go:134.2,134.12 1 1
github.com/armada/configbundle/internal/controller/divergence_reporter.go:137.94,139.16 2 1
github.com/armada/configbundle/internal/controller/divergence_reporter.go:139.16,141.3 1 0
github.com/armada/configbundle/internal/controller/divergence_reporter.go:143.2,144.16 2 1
github.com/armada/configbundle/internal/controller/divergence_reporter.go:144.16,146.3 1 0
github.com/armada/configbundle/internal/controller/divergence_reporter.go:147.2,150.16 3 1
github.com/armada/configbundle/internal/controller/divergence_reporter.go:150.16,152.3 1 0
github.com/armada/configbundle/internal/controller/divergence_reporter.go:153.2,156.53 3 1
github.com/armada/configbundle/internal/controller/divergence_reporter.go:156.53,158.3 1 0
github.com/armada/configbundle/internal/controller/divergence_reporter.go:159.2,159.12 1 1
github.com/armada/configbundle/internal/controller/divergence_reporter.go:164.90,166.26 2 1
github.com/armada/configbundle/internal/controller/divergence_reporter.go:166.26,168.3 1 1
github.com/armada/configbundle/internal/controller/divergence_reporter.go:170.2,171.32 2 1
github.com/armada/configbundle/internal/controller/divergence_reporter.go:171.32,175.44 3 1
github.com/armada/configbundle/internal/controller/divergence_reporter.go:175.44,176.12 1 1
github.com/armada/configbundle/internal/controller/divergence_reporter.go:179.3,185.5 1 1
github.com/armada/configbundle/internal/controller/divergence_reporter.go:187.2,187.18 1 1
github.com/armada/configbundle/internal/controller/divergence_reporter.go:192.91,194.2 1 1
github.com/armada/configbundle/internal/controller/divergence_reporter.go:203.79,205.38 2 1
github.com/armada/configbundle/internal/controller/divergence_reporter.go:205.38,206.62 1 1
github.com/armada/configbundle/internal/controller/divergence_reporter.go:206.62,207.12 1 1
github.com/armada/configbundle/internal/controller/divergence_reporter.go:209.3,210.24 2 1
github.com/armada/configbundle/internal/controller/divergence_reporter.go:210.24,212.4 1 1
github.com/armada/configbundle/internal/controller/divergence_reporter.go:214.3,215.69 2 1
github.com/armada/configbundle/internal/controller/divergence_reporter.go:215.69,216.12 1 0
github.com/armada/configbundle/internal/controller/divergence_reporter.go:219.3,219.39 1 1
github.com/armada/configbundle/internal/controller/divergence_reporter.go:221.2,221.14 1 1
github.com/armada/configbundle/internal/controller/divergence_reporter.go:225.95,226.29 1 1
github.com/armada/configbundle/internal/controller/divergence_reporter.go:226.29,228.17 2 1
github.com/armada/configbundle/internal/controller/divergence_reporter.go:228.17,229.12 1 1
github.com/armada/configbundle/internal/controller/divergence_reporter.go:232.3,233.29 2 1
github.com/armada/configbundle/internal/controller/divergence_reporter.go:233.29,235.12 2 1
github.com/armada/configbundle/internal/controller/divergence_reporter.go:240.3,241.27 2 1
github.com/armada/configbundle/internal/controller/divergence_reporter.go:241.27,242.61 1 1
github.com/armada/configbundle/internal/controller/divergence_reporter.go:242.61,244.10 2 1
github.com/armada/configbundle/internal/controller/divergence_reporter.go:247.3,247.19 1 1
github.com/armada/configbundle/internal/controller/divergence_reporter.go:247.19,249.4 1 1
github.com/armada/configbundle/internal/controller/divergence_reporter.go:249.9,251.32 1 1
github.com/armada/configbundle/internal/controller/divergence_reporter.go:251.32,253.23 2 1
github.com/armada/configbundle/internal/controller/divergence_reporter.go:253.23,255.6 1 1
github.com/armada/configbundle/internal/controller/divergence_reporter.go:263.48,264.9 1 1
github.com/armada/configbundle/internal/controller/divergence_reporter.go:265.36,267.19 2 1
github.com/armada/configbundle/internal/controller/divergence_reporter.go:267.19,269.4 1 1
github.com/armada/configbundle/internal/controller/divergence_reporter.go:270.3,270.30 1 1
github.com/armada/configbundle/internal/controller/divergence_reporter.go:271.36,275.62 3 1
github.com/armada/configbundle/internal/controller/divergence_reporter.go:275.62,277.4 1 0
github.com/armada/configbundle/internal/controller/divergence_reporter.go:279.3,279.28 1 1
github.com/armada/configbundle/internal/controller/divergence_reporter.go:279.28,281.20 2 1
github.com/armada/configbundle/internal/controller/divergence_reporter.go:281.20,283.5 1 0
github.com/armada/configbundle/internal/controller/divergence_reporter.go:284.4,284.28 1 1
github.com/armada/configbundle/internal/controller/divergence_reporter.go:286.3,286.12 1 0
github.com/armada/configbundle/internal/controller/divergence_reporter.go:287.10,288.12 1 1
github.com/armada/configbundle/internal/controller/divergence_reporter.go:296.76,299.21 3 1
github.com/armada/configbundle/internal/controller/divergence_reporter.go:299.21,301.3 1 0
github.com/armada/configbundle/internal/controller/divergence_reporter.go:303.2,304.29 2 1
github.com/armada/configbundle/internal/controller/divergence_reporter.go:304.29,305.26 1 1
github.com/armada/configbundle/internal/controller/divergence_reporter.go:305.26,308.11 2 1
github.com/armada/configbundle/internal/controller/divergence_reporter.go:308.11,311.5 1 0
github.com/armada/configbundle/internal/controller/divergence_reporter.go:312.4,313.30 2 1
github.com/armada/configbundle/internal/controller/divergence_reporter.go:313.30,314.38 1 1
github.com/armada/configbundle/internal/controller/divergence_reporter.go:314.38,317.11 3 1
github.com/armada/configbundle/internal/controller/divergence_reporter.go:320.4,320.14 1 1
github.com/armada/configbundle/internal/controller/divergence_reporter.go:320.14,322.5 1 1
github.com/armada/configbundle/internal/controller/divergence_reporter.go:323.4,323.12 1 1
github.com/armada/configbundle/internal/controller/divergence_reporter.go:327.3,328.21 2 1
github.com/armada/configbundle/internal/controller/divergence_reporter.go:328.21,330.4 1 0
github.com/armada/configbundle/internal/controller/divergence_reporter.go:332.2,332.16 1 1
github.com/armada/configbundle/internal/controller/divergence_reporter.go:343.40,346.22 3 1
github.com/armada/configbundle/internal/controller/divergence_reporter.go:346.22,351.61 3 1
github.com/armada/configbundle/internal/controller/divergence_reporter.go:351.61,354.19 2 1
github.com/armada/configbundle/internal/controller/divergence_reporter.go:354.19,356.5 1 1
github.com/armada/configbundle/internal/controller/divergence_reporter.go:358.4,359.22 2 1
github.com/armada/configbundle/internal/controller/divergence_reporter.go:359.22,360.10 1 0
github.com/armada/configbundle/internal/controller/divergence_reporter.go:362.4,365.18 3 1
github.com/armada/configbundle/internal/controller/divergence_reporter.go:365.18,367.5 1 1
github.com/armada/configbundle/internal/controller/divergence_reporter.go:368.4,369.41 2 1
github.com/armada/configbundle/internal/controller/divergence_reporter.go:369.41,371.5 1 1
github.com/armada/configbundle/internal/controller/divergence_reporter.go:372.9,372.25 1 1
github.com/armada/configbundle/internal/controller/divergence_reporter.go:372.25,374.19 2 1
github.com/armada/configbundle/internal/controller/divergence_reporter.go:374.19,376.5 1 1
github.com/armada/configbundle/internal/controller/divergence_reporter.go:377.4,377.36 1 1
github.com/armada/configbundle/internal/controller/divergence_reporter.go:378.9,379.23 1 1
github.com/armada/configbundle/internal/controller/divergence_reporter.go:379.23,381.5 1 1
github.com/armada/configbundle/internal/controller/divergence_reporter.go:382.4,382.9 1 1
github.com/armada/configbundle/internal/controller/divergence_reporter.go:385.2,385.14 1 1
github.com/armada/configbundle/internal/controller/divergence_reporter.go:389.67,391.29 2 1
github.com/armada/configbundle/internal/controller/divergence_reporter.go:391.29,393.3 1 0
github.com/armada/configbundle/internal/controller/divergence_reporter.go:394.2,394.32 1 1
github.com/armada/configbundle/internal/controller/divergence_reporter.go:394.32,396.3 1 0
github.com/armada/configbundle/internal/controller/divergence_reporter.go:397.2,398.36 2 1
github.com/armada/configbundle/internal/controller/divergence_reporter.go:398.36,401.23 3 1
github.com/armada/configbundle/internal/controller/divergence_reporter.go:401.23,403.4 1 1
github.com/armada/configbundle/internal/controller/divergence_reporter.go:405.2,405.12 1 0
github.com/armada/configbundle/internal/controller/takeover.go:22.100,23.29 1 1
github.com/armada/configbundle/internal/controller/takeover.go:23.29,25.3 1 1
github.com/armada/configbundle/internal/controller/takeover.go:27.2,30.38 3 1
github.com/armada/configbundle/internal/controller/takeover.go:30.38,31.64 1 1
github.com/armada/configbundle/internal/controller/takeover.go:31.64,35.12 3 1
github.com/armada/configbundle/internal/controller/takeover.go:37.3,38.79 1 1
github.com/armada/configbundle/internal/controller/takeover.go:41.2,41.19 1 1
github.com/armada/configbundle/internal/controller/takeover.go:41.19,43.3 1 1
github.com/armada/configbundle/internal/controller/takeover.go:44.2,44.12 1 1
github.com/armada/configbundle/internal/controller/takeover.go:49.137,52.34 2 1
github.com/armada/configbundle/internal/controller/takeover.go:52.34,53.57 1 1
github.com/armada/configbundle/internal/controller/takeover.go:53.57,55.9 2 1
github.com/armada/configbundle/internal/controller/takeover.go:58.2,58.25 1 1
github.com/armada/configbundle/internal/controller/takeover.go:58.25,60.3 1 1
github.com/armada/configbundle/internal/controller/takeover.go:65.2,69.84 2 1
github.com/armada/configbundle/internal/controller/takeover.go:69.84,71.3 1 0
github.com/armada/configbundle/internal/controller/takeover.go:73.2,91.3 2 1
github.com/armada/configbundle/internal/controller/takeover.go:98.74,100.95 1 1
github.com/armada/configbundle/internal/controller/takeover.go:100.95,102.3 1 1
github.com/armada/configbundle/internal/controller/takeover.go:104.2,104.109 1 1
github.com/armada/configbundle/internal/controller/takeover.go:104.109,106.3 1 1
github.com/armada/configbundle/internal/controller/takeover.go:107.2,107.55 1 1
github.com/armada/configbundle/internal/controller/takeover.go:113.77,115.36 2 1
github.com/armada/configbundle/internal/controller/takeover.go:115.36,117.22 2 1
github.com/armada/configbundle/internal/controller/takeover.go:117.22,120.4 2 1
github.com/armada/configbundle/internal/controller/takeover.go:122.2,122.14 1 1
