mode: set
github.com/armada/configbundle/internal/bundler/config.go:22.35,24.52 2 0
github.com/armada/configbundle/internal/bundler/config.go:24.52,26.3 1 0
github.com/armada/configbundle/internal/bundler/config.go:27.2,27.18 1 0
github.com/armada/configbundle/internal/bundler/handler.go:43.69,45.61 2 1
github.com/armada/configbundle/internal/bundler/handler.go:45.61,49.3 3 1
github.com/armada/configbundle/internal/bundler/handler.go:50.2,50.21 1 1
github.com/armada/configbundle/internal/bundler/handler.go:50.21,54.3 3 1
github.com/armada/configbundle/internal/bundler/handler.go:56.2,58.16 3 1
github.com/armada/configbundle/internal/bundler/handler.go:58.16,62.3 3 1
github.com/armada/configbundle/internal/bundler/handler.go:63.2,67.23 2 1
github.com/armada/configbundle/internal/bundler/handler.go:67.23,71.3 3 1
github.com/armada/configbundle/internal/bundler/handler.go:73.2,80.26 3 1
github.com/armada/configbundle/internal/bundler/handler.go:80.26,82.17 2 1
github.com/armada/configbundle/internal/bundler/handler.go:82.17,85.4 2 0
github.com/armada/configbundle/internal/bundler/handler.go:86.3,89.17 3 1
github.com/armada/configbundle/internal/bundler/handler.go:89.17,92.4 2 1
github.com/armada/configbundle/internal/bundler/handler.go:93.3,93.54 1 1
github.com/armada/configbundle/internal/bundler/handler.go:96.2,97.16 2 1
github.com/armada/configbundle/internal/bundler/handler.go:97.16,100.3 2 0
github.com/armada/configbundle/internal/bundler/handler.go:102.2,103.16 2 1
github.com/armada/configbundle/internal/bundler/handler.go:103.16,106.3 2 0
github.com/armada/configbundle/internal/bundler/handler.go:108.2,122.33 3 1
github.com/armada/configbundle/internal/bundler/handler.go:143.105,144.27 1 1
github.com/armada/configbundle/internal/bundler/handler.go:144.27,146.3 1 1
github.com/armada/configbundle/internal/bundler/handler.go:148.2,149.37 2 1
github.com/armada/configbundle/internal/bundler/handler.go:149.37,151.3 1 1
github.com/armada/configbundle/internal/bundler/handler.go:153.2,154.34 2 1
github.com/armada/configbundle/internal/bundler/handler.go:154.34,156.10 2 1
github.com/armada/configbundle/internal/bundler/handler.go:156.10,157.12 1 1
github.com/armada/configbundle/internal/bundler/handler.go:159.3,160.24 2 1
github.com/armada/configbundle/internal/bundler/handler.go:160.24,161.12 1 0
github.com/armada/configbundle/internal/bundler/handler.go:163.3,167.5 1 1
github.com/armada/configbundle/internal/bundler/handler.go:169.2,169.16 1 1
github.com/armada/configbundle/internal/bundler/handler.go:182.98,183.25 1 1
github.com/armada/configbundle/internal/bundler/handler.go:183.25,185.3 1 1
github.com/armada/configbundle/internal/bundler/handler.go:187.2,188.37 2 1
github.com/armada/configbundle/internal/bundler/handler.go:188.37,190.3 1 1
github.com/armada/configbundle/internal/bundler/handler.go:192.2,193.30 2 1
github.com/armada/configbundle/internal/bundler/handler.go:193.30,195.3 1 1
github.com/armada/configbundle/internal/bundler/handler.go:197.2,197.31 1 1
github.com/armada/configbundle/internal/bundler/handler.go:197.31,199.10 2 1
github.com/armada/configbundle/internal/bundler/handler.go:199.10,200.12 1 1
github.com/armada/configbundle/internal/bundler/handler.go:202.3,203.24 2 1
github.com/armada/configbundle/internal/bundler/handler.go:203.24,204.12 1 0
github.com/armada/configbundle/internal/bundler/handler.go:206.3,207.10 2 1
github.com/armada/configbundle/internal/bundler/handler.go:207.10,208.12 1 0
github.com/armada/configbundle/internal/bundler/handler.go:210.3,210.37 1 1
github.com/armada/configbundle/internal/bundler/handler.go:218.74,219.72 1 1
github.com/armada/configbundle/internal/bundler/handler.go:219.72,221.3 1 1
github.com/armada/configbundle/internal/bundler/handler.go:222.2,222.82 1 1
github.com/armada/configbundle/internal/bundler/handler.go:227.70,229.36 2 1
github.com/armada/configbundle/internal/bundler/handler.go:229.36,231.22 2 1
github.com/armada/configbundle/internal/bundler/handler.go:231.22,234.4 2 1
github.com/armada/configbundle/internal/bundler/handler.go:236.2,236.14 1 1
github.com/armada/configbundle/internal/bundler/handler.go:241.45,244.13 3 1
github.com/armada/configbundle/internal/bundler/handler.go:244.13,246.3 1 1
github.com/armada/configbundle/internal/bundler/handler.go:247.2,249.13 3 1
github.com/armada/configbundle/internal/bundler/handler.go:249.13,251.3 1 0
github.com/armada/configbundle/internal/bundler/handler.go:252.2,252.19 1 1
github.com/armada/configbundle/internal/bundler/handler.go:261.53,264.31 2 1
github.com/armada/configbundle/internal/bundler/handler.go:264.31,265.40 1 1
github.com/armada/configbundle/internal/bundler/handler.go:265.40,266.12 1 1
github.com/armada/configbundle/internal/bundler/handler.go:268.3,268.60 1 1
github.com/armada/configbundle/internal/bundler/handler.go:268.60,274.4 1 1
github.com/armada/configbundle/internal/bundler/handler.go:277.2,277.35 1 1
github.com/armada/configbundle/internal/bundler/handler.go:286.63,291.31 2 1
github.com/armada/configbundle/internal/bundler/handler.go:291.31,292.40 1 1
github.com/armada/configbundle/internal/bundler/handler.go:292.40,293.12 1 1
github.com/armada/configbundle/internal/bundler/handler.go:295.3,297.21 3 1
github.com/armada/configbundle/internal/bundler/handler.go:297.21,299.4 1 1
github.com/armada/configbundle/internal/bundler/handler.go:300.3,306.29 2 1
github.com/armada/configbundle/internal/bundler/handler.go:306.29,308.4 1 1
github.com/armada/configbundle/internal/bundler/handler.go:309.3,309.43 1 1
github.com/armada/configbundle/internal/bundler/handler.go:311.2,311.13 1 1
github.com/armada/configbundle/internal/bundler/handler.go:316.60,319.16 3 1
github.com/armada/configbundle/internal/bundler/handler.go:319.16,321.3 1 0
github.com/armada/configbundle/internal/bundler/handler.go:322.2,323.12 2 1
github.com/armada/configbundle/internal/bundler/oauth2.go:23.52,26.2 2 0
github.com/armada/configbundle/internal/bundler/oauth2.go:31.52,35.2 3 0
github.com/armada/configbundle/internal/bundler/oauth2.go:39.76,55.2 3 1
github.com/armada/configbundle/internal/bundler/oauth2.go:59.59,67.2 1 1
github.com/armada/configbundle/internal/bundler/oauth2.go:80.84,82.16 2 1
github.com/armada/configbundle/internal/bundler/oauth2.go:82.16,86.3 2 0
github.com/armada/configbundle/internal/bundler/oauth2.go:87.2,87.48 1 1
github.com/armada/configbundle/internal/bundler/oauth2.go:87.48,89.3 1 1
github.com/armada/configbundle/internal/bundler/oauth2.go:91.2,97.16 4 1
github.com/armada/configbundle/internal/bundler/oauth2.go:97.16,100.3 2 0
github.com/armada/configbundle/internal/bundler/oauth2.go:106.2,107.24 2 1
github.com/armada/configbundle/internal/bundler/oauth2.go:107.24,109.17 2 0
github.com/armada/configbundle/internal/bundler/oauth2.go:109.17,112.4 2 0
github.com/armada/configbundle/internal/bundler/oauth2.go:113.3,113.24 1 0
github.com/armada/configbundle/internal/bundler/oauth2.go:114.8,114.28 1 1
github.com/armada/configbundle/internal/bundler/oauth2.go:114.28,119.3 2 0
github.com/armada/configbundle/internal/bundler/oauth2.go:121.2,123.16 3 1
github.com/armada/configbundle/internal/bundler/oauth2.go:123.16,126.3 2 0
github.com/armada/configbundle/internal/bundler/oauth2.go:127.2,128.19 2 1
github.com/armada/configbundle/internal/bundler/oauth2.go:137.86,141.2 3 1
github.com/armada/configbundle/internal/bundler/orbital.go:141.108,146.16 2 0
github.com/armada/configbundle/internal/bundler/orbital.go:146.16,148.3 1 0
github.com/armada/configbundle/internal/bundler/orbital.go:150.2,151.16 2 0
github.com/armada/configbundle/internal/bundler/orbital.go:151.16,153.3 1 0
github.com/armada/configbundle/internal/bundler/orbital.go:154.2,157.16 3 0
github.com/armada/configbundle/internal/bundler/orbital.go:157.16,159.3 1 0
github.com/armada/configbundle/internal/bundler/orbital.go:160.2,162.38 2 0
github.com/armada/configbundle/internal/bundler/orbital.go:162.38,164.3 1 0
github.com/armada/configbundle/internal/bundler/orbital.go:166.2,167.68 2 0
github.com/armada/configbundle/internal/bundler/orbital.go:167.68,169.3 1 0
github.com/armada/configbundle/internal/bundler/orbital.go:170.2,170.29 1 0
github.com/armada/configbundle/internal/bundler/orbital.go:170.29,172.3 1 0
github.com/armada/configbundle/internal/bundler/orbital.go:175.2,175.42 1 0
github.com/armada/configbundle/internal/bundler/orbital.go:178.102,180.16 2 0
github.com/armada/configbundle/internal/bundler/orbital.go:180.16,182.3 1 0
github.com/armada/configbundle/internal/bundler/orbital.go:183.2,190.16 7 0
github.com/armada/configbundle/internal/bundler/orbital.go:190.16,192.3 1 0
github.com/armada/configbundle/internal/bundler/orbital.go:193.2,195.38 2 0
github.com/armada/configbundle/internal/bundler/orbital.go:195.38,197.3 1 0
github.com/armada/configbundle/internal/bundler/orbital.go:199.2,200.68 2 0
github.com/armada/configbundle/internal/bundler/orbital.go:200.68,202.3 1 0
github.com/armada/configbundle/internal/bundler/orbital.go:203.2,204.28 2 0
github.com/armada/configbundle/internal/bundler/orbital.go:204.28,206.3 1 0
github.com/armada/configbundle/internal/bundler/orbital.go:207.2,207.20 1 0
github.com/armada/configbundle/internal/bundler/orbital.go:213.85,215.16 2 0
github.com/armada/configbundle/internal/bundler/orbital.go:215.16,217.3 1 0
github.com/armada/configbundle/internal/bundler/orbital.go:218.2,223.16 5 0
github.com/armada/configbundle/internal/bundler/orbital.go:223.16,225.3 1 0
github.com/armada/configbundle/internal/bundler/orbital.go:226.2,228.38 2 0
github.com/armada/configbundle/internal/bundler/orbital.go:228.38,230.3 1 0
github.com/armada/configbundle/internal/bundler/orbital.go:232.2,233.68 2 0
github.com/armada/configbundle/internal/bundler/orbital.go:233.68,235.3 1 0
github.com/armada/configbundle/internal/bundler/orbital.go:236.2,237.28 2 0
github.com/armada/configbundle/internal/bundler/orbital.go:237.28,239.3 1 0
github.com/armada/configbundle/internal/bundler/orbital.go:240.2,240.20 1 0
github.com/armada/configbundle/api/v1/configbundle_types.go:214.13,216.2 1 0
github.com/armada/configbundle/api/v1/serverconfig_types.go:111.13,113.2 1 0
github.com/armada/configbundle/api/v1/zz_generated.deepcopy.go:29.57,35.2 5 0
github.com/armada/configbundle/api/v1/zz_generated.deepcopy.go:38.50,39.15 1 0
github.com/armada/configbundle/api/v1/zz_generated.deepcopy.go:39.15,41.3 1 0
github.com/armada/configbundle/api/v1/zz_generated.deepcopy.go:42.2,44.12 3 0
github.com/armada/configbundle/api/v1/zz_generated.deepcopy.go:48.57,49.34 1 0
github.com/armada/configbundle/api/v1/zz_generated.deepcopy.go:49.34,51.3 1 0
github.com/armada/configbundle/api/v1/zz_generated.deepcopy.go:52.2,52.12 1 0
github.com/armada/configbundle/api/v1/zz_generated.deepcopy.go:56.65,60.21 4 0
github.com/armada/configbundle/api/v1/zz_generated.deepcopy.go:60.21,63.22 3 0
github.com/armada/configbundle/api/v1/zz_generated.deepcopy.go:63.22,65.4 1 0
github.com/armada/configbundle/api/v1/zz_generated.deepcopy.go:70.58,71.15 1 0
github.com/armada/configbundle/api/v1/zz_generated.deepcopy.go:71.15,73.3 1 0
github.com/armada/configbundle/api/v1/zz_generated.deepcopy.go:74.2,76.12 3 0
github.com/armada/configbundle/api/v1/zz_generated.deepcopy.go:80.61,81.34 1 0
github.com/armada/configbundle/api/v1/zz_generated.deepcopy.go:81.34,83.3 1 0
github.com/armada/configbundle/api/v1/zz_generated.deepcopy.go:84.2,84.12 1 0
github.com/armada/configbundle/api/v1/zz_generated.deepcopy.go:88.65,90.23 2 0
github.com/armada/configbundle/api/v1/zz_generated.deepcopy.go:90.23,93.22 3 0
github.com/armada/configbundle/api/v1/zz_generated.deepcopy.go:93.22,95.4 1 0
github.com/armada/configbundle/api/v1/zz_generated.deepcopy.go:97.2,97.24 1 0
github.com/armada/configbundle/api/v1/zz_generated.deepcopy.go:97.24,101.3 3 0
github.com/armada/configbundle/api/v1/zz_generated.deepcopy.go:105.58,106.15 1 0
github.com/armada/configbundle/api/v1/zz_generated.deepcopy.go:106.15,108.3 1 0
github.com/armada/configbundle/api/v1/zz_generated.deepcopy.go:109.2,111.12 3 0
github.com/armada/configbundle/api/v1/zz_generated.deepcopy.go:115.69,117.26 2 0
github.com/armada/configbundle/api/v1/zz_generated.deepcopy.go:117.26,120.22 3 0
github.com/armada/configbundle/api/v1/zz_generated.deepcopy.go:120.22,122.4 1 0
github.com/armada/configbundle/api/v1/zz_generated.deepcopy.go:124.2,124.29 1 0
github.com/armada/configbundle/api/v1/zz_generated.deepcopy.go:124.29,127.3 2 0
github.com/armada/configbundle/api/v1/zz_generated.deepcopy.go:131.62,132.15 1 0
github.com/armada/configbundle/api/v1/zz_generated.deepcopy.go:132.15,134.3 1 0
github.com/armada/configbundle/api/v1/zz_generated.deepcopy.go:135.2,137.12 3 0
github.com/armada/configbundle/api/v1/zz_generated.deepcopy.go:141.51,143.31 2 0
github.com/armada/configbundle/api/v1/zz_generated.deepcopy.go:143.31,147.3 3 0
github.com/armada/configbundle/api/v1/zz_generated.deepcopy.go:148.2,148.26 1 0
github.com/armada/configbundle/api/v1/zz_generated.deepcopy.go:148.26,152.3 3 0
github.com/armada/configbundle/api/v1/zz_generated.deepcopy.go:153.2,153.27 1 0
github.com/armada/configbundle/api/v1/zz_generated.deepcopy.go:153.27,157.3 3 0
github.com/armada/configbundle/api/v1/zz_generated.deepcopy.go:158.2,158.35 1 0
github.com/armada/configbundle/api/v1/zz_generated.deepcopy.go:158.35,162.3 3 0
github.com/armada/configbundle/api/v1/zz_generated.deepcopy.go:163.2,163.43 1 0
github.com/armada/configbundle/api/v1/zz_generated.deepcopy.go:163.43,167.3 3 0
github.com/armada/configbundle/api/v1/zz_generated.deepcopy.go:168.2,168.40 1 0
github.com/armada/configbundle/api/v1/zz_generated.deepcopy.go:168.40,172.3 3 0
github.com/armada/configbundle/api/v1/zz_generated.deepcopy.go:173.2,173.27 1 0
github.com/armada/configbundle/api/v1/zz_generated.deepcopy.go:173.27,177.3 3 0
github.com/armada/configbundle/api/v1/zz_generated.deepcopy.go:178.2,178.29 1 0
github.com/armada/configbundle/api/v1/zz_generated.deepcopy.go:178.29,182.3 3 0
github.com/armada/configbundle/api/v1/zz_generated.deepcopy.go:186.44,187.15 1 0
github.com/armada/configbundle/api/v1/zz_generated.deepcopy.go:187.15,189.3 1 0
github.com/armada/configbundle/api/v1/zz_generated.deepcopy.go:190.2,192.12 3 0
github.com/armada/configbundle/api/v1/zz_generated.deepcopy.go:196.57,202.2 5 0
github.com/armada/configbundle/api/v1/zz_generated.deepcopy.go:205.50,206.15 1 0
github.com/armada/configbundle/api/v1/zz_generated.deepcopy.go:206.15,208.3 1 0
github.com/armada/configbundle/api/v1/zz_generated.deepcopy.go:209.2,211.12 3 0
github.com/armada/configbundle/api/v1/zz_generated.deepcopy.go:215.57,216.34 1 0
github.com/armada/configbundle/api/v1/zz_generated.deepcopy.go:216.34,218.3 1 0
github.com/armada/configbundle/api/v1/zz_generated.deepcopy.go:219.2,219.12 1 0
github.com/armada/configbundle/api/v1/zz_generated.deepcopy.go:223.65,227.21 4 0
github.com/armada/configbundle/api/v1/zz_generated.deepcopy.go:227.21,230.22 3 0
github.com/armada/configbundle/api/v1/zz_generated.deepcopy.go:230.22,232.4 1 0
github.com/armada/configbundle/api/v1/zz_generated.deepcopy.go:237.58,238.15 1 0
github.com/armada/configbundle/api/v1/zz_generated.deepcopy.go:238.15,240.3 1 0
github.com/armada/configbundle/api/v1/zz_generated.deepcopy.go:241.2,243.12 3 0
github.com/armada/configbundle/api/v1/zz_generated.deepcopy.go:247.61,248.34 1 0
github.com/armada/configbundle/api/v1/zz_generated.deepcopy.go:248.34,250.3 1 0
github.com/armada/configbundle/api/v1/zz_generated.deepcopy.go:251.2,251.12 1 0
github.com/armada/configbundle/api/v1/zz_generated.deepcopy.go:255.65,257.24 2 0
github.com/armada/configbundle/api/v1/zz_generated.deepcopy.go:257.24,261.3 3 0
github.com/armada/configbundle/api/v1/zz_generated.deepcopy.go:262.2,262.21 1 0
github.com/armada/configbundle/api/v1/zz_generated.deepcopy.go:262.21,266.3 3 0
github.com/armada/configbundle/api/v1/zz_generated.deepcopy.go:267.2,267.35 1 0
github.com/armada/configbundle/api/v1/zz_generated.deepcopy.go:271.58,272.15 1 0
github.com/armada/configbundle/api/v1/zz_generated.deepcopy.go:272.15,274.3 1 0
github.com/armada/configbundle/api/v1/zz_generated.deepcopy.go:275.2,277.12 3 0
github.com/armada/configbundle/api/v1/zz_generated.deepcopy.go:281.69,283.26 2 0
github.com/armada/configbundle/api/v1/zz_generated.deepcopy.go:283.26,286.22 3 0
github.com/armada/configbundle/api/v1/zz_generated.deepcopy.go:286.22,288.4 1 0
github.com/armada/configbundle/api/v1/zz_generated.deepcopy.go:293.62,294.15 1 0
github.com/armada/configbundle/api/v1/zz_generated.deepcopy.go:294.15,296.3 1 0
github.com/armada/configbundle/api/v1/zz_generated.deepcopy.go:297.2,299.12 3 0
github.com/armada/configbundle/api/v1/zz_generated.deepcopy.go:303.53,305.24 2 0
github.com/armada/configbundle/api/v1/zz_generated.deepcopy.go:305.24,309.3 3 0
github.com/armada/configbundle/api/v1/zz_generated.deepcopy.go:310.2,310.21 1 0
github.com/armada/configbundle/api/v1/zz_generated.deepcopy.go:310.21,314.3 3 0
github.com/armada/configbundle/api/v1/zz_generated.deepcopy.go:315.2,315.35 1 0
github.com/armada/configbundle/api/v1/zz_generated.deepcopy.go:319.46,320.15 1 0
github.com/armada/configbundle/api/v1/zz_generated.deepcopy.go:320.15,322.3 1 0
github.com/armada/configbundle/api/v1/zz_generated.deepcopy.go:323.2,325.12 3 0
github.com/armada/configbundle/api/v1/zz_generated.deepcopy.go:329.59,331.2 1 0
github.com/armada/configbundle/api/v1/zz_generated.deepcopy.go:334.52,335.15 1 0
github.com/armada/configbundle/api/v1/zz_generated.deepcopy.go:335.15,337.3 1 0
github.com/armada/configbundle/api/v1/zz_generated.deepcopy.go:338.2,340.12 3 0
github.com/armada/configbundle/cmd/main.go:59.13,64.2 2 0
github.com/armada/configbundle/cmd/main.go:67.13,107.38 24 0
github.com/armada/configbundle/cmd/main.go:107.38,110.3 2 0
github.com/armada/configbundle/cmd/main.go:112.2,112.18 1 0
github.com/armada/configbundle/cmd/main.go:112.18,114.3 1 0
github.com/armada/configbundle/cmd/main.go:117.2,122.30 3 0
github.com/armada/configbundle/cmd/main.go:122.30,129.3 4 0
github.com/armada/configbundle/cmd/main.go:131.2,143.19 3 0
github.com/armada/configbundle/cmd/main.go:143.19,149.3 1 0
github.com/armada/configbundle/cmd/main.go:159.2,159.30 1 0
github.com/armada/configbundle/cmd/main.go:159.30,166.3 4 0
github.com/armada/configbundle/cmd/main.go:168.2,169.52 2 0
github.com/armada/configbundle/cmd/main.go:169.52,172.3 2 0
github.com/armada/configbundle/cmd/main.go:174.2,193.16 2 0
github.com/armada/configbundle/cmd/main.go:193.16,196.3 2 0
github.com/armada/configbundle/cmd/main.go:198.2,201.39 1 0
github.com/armada/configbundle/cmd/main.go:201.39,204.3 2 0
github.com/armada/configbundle/cmd/main.go:206.2,212.55 2 0
github.com/armada/configbundle/cmd/main.go:212.55,215.3 2 0
github.com/armada/configbundle/cmd/main.go:218.2,223.41 2 0
github.com/armada/configbundle/cmd/main.go:223.41,226.3 2 0
github.com/armada/configbundle/cmd/main.go:227.2,231.69 2 0
github.com/armada/configbundle/cmd/main.go:231.69,234.3 2 0
github.com/armada/configbundle/cmd/main.go:235.2,235.67 1 0
github.com/armada/configbundle/cmd/main.go:235.67,238.3 2 0
github.com/armada/configbundle/cmd/main.go:240.2,241.61 2 0
github.com/armada/configbundle/cmd/main.go:241.61,244.3 2 0
github.com/armada/configbundle/cmd/bundler/main.go:11.13,13.16 2 0
github.com/armada/configbundle/cmd/bundler/main.go:13.16,15.3 1 0
github.com/armada/configbundle/cmd/bundler/main.go:17.2,29.63 6 0
github.com/armada/configbundle/cmd/bundler/main.go:29.63,31.3 1 0
github.com/armada/configbundle/cmd/bundler/main.go:38.56,39.34 1 0
github.com/armada/configbundle/cmd/bundler/main.go:39.34,42.3 2 0
github.com/armada/configbundle/cmd/bundler/main.go:43.2,43.32 1 0
github.com/armada/configbundle/cmd/bundler/main.go:43.32,46.3 2 0
github.com/armada/configbundle/cmd/bundler/main.go:47.2,48.58 2 0
github.com/armada/configbundle/test/utils/utils.go:38.27,40.2 1 0
github.com/armada/configbundle/test/utils/utils.go:43.41,47.42 3 0
github.com/armada/configbundle/test/utils/utils.go:47.42,49.3 1 0
github.com/armada/configbundle/test/utils/utils.go:51.2,55.16 5 0
github.com/armada/configbundle/test/utils/utils.go:55.16,57.3 1 0
github.com/armada/configbundle/test/utils/utils.go:59.2,59.28 1 0
github.com/armada/configbundle/test/utils/utils.go:63.29,66.36 3 0
github.com/armada/configbundle/test/utils/utils.go:66.36,68.3 1 0
github.com/armada/configbundle/test/utils/utils.go:71.2,75.41 2 0
github.com/armada/configbundle/test/utils/utils.go:75.41,78.37 2 0
github.com/armada/configbundle/test/utils/utils.go:78.37,80.4 1 0
github.com/armada/configbundle/test/utils/utils.go:85.33,88.36 3 0
github.com/armada/configbundle/test/utils/utils.go:88.36,90.3 1 0
github.com/armada/configbundle/test/utils/utils.go:93.2,100.12 3 0
github.com/armada/configbundle/test/utils/utils.go:105.40,119.16 4 0
github.com/armada/configbundle/test/utils/utils.go:119.16,121.3 1 0
github.com/armada/configbundle/test/utils/utils.go:124.2,125.38 2 0
github.com/armada/configbundle/test/utils/utils.go:125.38,126.32 1 0
github.com/armada/configbundle/test/utils/utils.go:126.32,127.35 1 0
github.com/armada/configbundle/test/utils/utils.go:127.35,129.5 1 0
github.com/armada/configbundle/test/utils/utils.go:133.2,133.14 1 0
github.com/armada/configbundle/test/utils/utils.go:137.56,139.47 2 0
github.com/armada/configbundle/test/utils/utils.go:139.47,141.3 1 0
github.com/armada/configbundle/test/utils/utils.go:142.2,144.39 3 0
github.com/armada/configbundle/test/utils/utils.go:144.39,146.3 1 0
github.com/armada/configbundle/test/utils/utils.go:147.2,149.12 3 0
github.com/armada/configbundle/test/utils/utils.go:154.47,157.32 3 0
github.com/armada/configbundle/test/utils/utils.go:157.32,158.20 1 0
github.com/armada/configbundle/test/utils/utils.go:158.20,160.4 1 0
github.com/armada/configbundle/test/utils/utils.go:163.2,163.12 1 0
github.com/armada/configbundle/test/utils/utils.go:167.38,169.16 2 0
github.com/armada/configbundle/test/utils/utils.go:169.16,171.3 1 0
github.com/armada/configbundle/test/utils/utils.go:172.2,173.16 2 0
github.com/armada/configbundle/test/utils/utils.go:178.59,182.16 2 0
github.com/armada/configbundle/test/utils/utils.go:182.16,184.3 1 0
github.com/armada/configbundle/test/utils/utils.go:185.2,188.13 3 0
github.com/armada/configbundle/test/utils/utils.go:188.13,190.3 1 0
github.com/armada/configbundle/test/utils/utils.go:192.2,194.16 3 0
github.com/armada/configbundle/test/utils/utils.go:194.16,196.3 1 0
github.com/armada/configbundle/test/utils/utils.go:198.2,199.21 2 0
github.com/armada/configbundle/test/utils/utils.go:199.21,201.3 1 0
github.com/armada/configbundle/test/utils/utils.go:202.2,202.6 1 0
github.com/armada/configbundle/test/utils/utils.go:202.6,203.87 1 0
github.com/armada/configbundle/test/utils/utils.go:203.87,205.4 1 0
github.com/armada/configbundle/test/utils/utils.go:207.3,207.22 1 0
github.com/armada/configbundle/test/utils/utils.go:207.22,208.9 1 0
github.com/armada/configbundle/test/utils/utils.go:210.3,210.49 1 0
github.com/armada/configbundle/test/utils/utils.go:210.49,212.4 1 0
github.com/armada/configbundle/test/utils/utils.go:215.2,215.63 1 0
github.com/armada/configbundle/test/utils/utils.go:215.63,217.3 1 0
github.com/armada/configbundle/test/utils/utils.go:221.2,221.65 1 0
github.com/armada/configbundle/test/utils/utils.go:221.65,223.3 1 0
github.com/armada/configbundle/test/utils/utils.go:225.2,225.12 1 0
github.com/armada/configbundle/internal/controller/configbundle_controller.go:49.104,53.60 3 1
github.com/armada/configbundle/internal/controller/configbundle_controller.go:53.60,54.32 1 0
github.com/armada/configbundle/internal/controller/configbundle_controller.go:54.32,57.4 2 0
github.com/armada/configbundle/internal/controller/configbundle_controller.go:58.3,58.28 1 0
github.com/armada/configbundle/internal/controller/configbundle_controller.go:61.2,62.18 2 1
github.com/armada/configbundle/internal/controller/configbundle_controller.go:62.18,65.3 1 1
github.com/armada/configbundle/internal/controller/configbundle_controller.go:65.8,68.3 1 1
github.com/armada/configbundle/internal/controller/configbundle_controller.go:70.2,70.41 1 1
github.com/armada/configbundle/internal/controller/configbundle_controller.go:70.41,71.63 1 1
github.com/armada/configbundle/internal/controller/configbundle_controller.go:71.63,74.4 2 1
github.com/armada/configbundle/internal/controller/configbundle_controller.go:77.2,77.18 1 1
github.com/armada/configbundle/internal/controller/configbundle_controller.go:77.18,81.67 2 1
github.com/armada/configbundle/internal/controller/configbundle_controller.go:81.67,83.107 2 1
github.com/armada/configbundle/internal/controller/configbundle_controller.go:83.107,85.5 1 0
github.com/armada/configbundle/internal/controller/configbundle_controller.go:86.4,86.56 1 1
github.com/armada/configbundle/internal/controller/configbundle_controller.go:86.56,88.5 1 1
github.com/armada/configbundle/internal/controller/configbundle_controller.go:89.4,90.41 2 1
github.com/armada/configbundle/internal/controller/configbundle_controller.go:92.3,92.17 1 1
github.com/armada/configbundle/internal/controller/configbundle_controller.go:92.17,95.4 2 0
github.com/armada/configbundle/internal/controller/configbundle_controller.go:96.8,98.3 1 1
github.com/armada/configbundle/internal/controller/configbundle_controller.go:99.2,99.27 1 1
github.com/armada/configbundle/internal/controller/configbundle_controller.go:104.134,106.28 2 1
github.com/armada/configbundle/internal/controller/configbundle_controller.go:106.28,108.3 1 1
github.com/armada/configbundle/internal/controller/configbundle_controller.go:109.2,127.70 2 1
github.com/armada/configbundle/internal/controller/configbundle_controller.go:127.70,129.3 1 0
github.com/armada/configbundle/internal/controller/configbundle_controller.go:131.2,134.3 1 1
github.com/armada/configbundle/internal/controller/configbundle_controller.go:146.75,150.47 1 1
github.com/armada/configbundle/internal/controller/configbundle_controller.go:150.47,150.63 1 0
github.com/armada/configbundle/internal/controller/consume.go:54.48,55.32 1 0
github.com/armada/configbundle/internal/controller/consume.go:55.32,55.49 1 0
github.com/armada/configbundle/internal/controller/consume.go:59.51,60.32 1 1
github.com/armada/configbundle/internal/controller/consume.go:60.32,60.52 1 1
github.com/armada/configbundle/internal/controller/consume.go:65.72,66.32 1 0
github.com/armada/configbundle/internal/controller/consume.go:66.32,66.50 1 0
github.com/armada/configbundle/internal/controller/consume.go:72.80,73.32 1 1
github.com/armada/configbundle/internal/controller/consume.go:73.32,76.3 2 1
github.com/armada/configbundle/internal/controller/consume.go:79.84,88.27 2 1
github.com/armada/configbundle/internal/controller/consume.go:88.27,90.3 1 1
github.com/armada/configbundle/internal/controller/consume.go:91.2,91.10 1 1
github.com/armada/configbundle/internal/controller/consume.go:96.52,96.68 1 0
github.com/armada/configbundle/internal/controller/consume.go:99.58,107.12 6 0
github.com/armada/configbundle/internal/controller/consume.go:107.12,112.3 4 0
github.com/armada/configbundle/internal/controller/consume.go:114.2,115.86 2 0
github.com/armada/configbundle/internal/controller/consume.go:115.86,117.3 1 0
github.com/armada/configbundle/internal/controller/consume.go:118.2,118.12 1 0
github.com/armada/configbundle/internal/controller/consume.go:124.80,126.12 2 1
github.com/armada/configbundle/internal/controller/consume.go:127.32,131.52 4 1
github.com/armada/configbundle/internal/controller/consume.go:132.31,134.19 2 1
github.com/armada/configbundle/internal/controller/consume.go:134.19,137.4 2 1
github.com/armada/configbundle/internal/controller/consume.go:138.3,138.36 1 0
github.com/armada/configbundle/internal/controller/consume.go:139.10,140.75 1 1
github.com/armada/configbundle/internal/controller/consume.go:147.114,151.16 3 1
github.com/armada/configbundle/internal/controller/consume.go:151.16,154.3 2 0
github.com/armada/configbundle/internal/controller/consume.go:155.2,155.34 1 1
github.com/armada/configbundle/internal/controller/consume.go:155.34,158.3 2 1
github.com/armada/configbundle/internal/controller/consume.go:161.2,162.16 2 1
github.com/armada/configbundle/internal/controller/consume.go:162.16,165.3 2 1
github.com/armada/configbundle/internal/controller/consume.go:166.2,166.27 1 1
github.com/armada/configbundle/internal/controller/consume.go:166.27,169.3 2 1
github.com/armada/configbundle/internal/controller/consume.go:171.2,176.22 3 1
github.com/armada/configbundle/internal/controller/consume.go:176.22,178.3 1 1
github.com/armada/configbundle/internal/controller/consume.go:181.2,181.12 1 1
github.com/armada/configbundle/internal/controller/consume.go:181.12,182.62 1 1
github.com/armada/configbundle/internal/controller/consume.go:182.62,185.4 2 1
github.com/armada/configbundle/internal/controller/consume.go:186.3,186.79 1 1
github.com/armada/configbundle/internal/controller/consume.go:189.2,189.30 1 1
github.com/armada/configbundle/internal/controller/consume.go:195.98,199.16 3 0
github.com/armada/configbundle/internal/controller/consume.go:199.16,202.3 2 0
github.com/armada/configbundle/internal/controller/consume.go:203.2,203.34 1 0
github.com/armada/configbundle/internal/controller/consume.go:203.34,206.3 2 0
github.com/armada/configbundle/internal/controller/consume.go:208.2,208.46 1 0
github.com/armada/configbundle/internal/controller/consume.go:208.46,211.3 2 0
github.com/armada/configbundle/internal/controller/consume.go:214.2,215.93 2 0
github.com/armada/configbundle/internal/controller/consume.go:215.93,218.3 2 0
github.com/armada/configbundle/internal/controller/consume.go:220.2,221.30 2 0
github.com/armada/configbundle/internal/controller/consume.go:221.30,222.57 1 0
github.com/armada/configbundle/internal/controller/consume.go:222.57,224.9 2 0
github.com/armada/configbundle/internal/controller/consume.go:227.2,227.15 1 0
github.com/armada/configbundle/internal/controller/consume.go:227.15,230.3 2 0
github.com/armada/configbundle/internal/controller/consume.go:232.2,241.115 2 0
github.com/armada/configbundle/internal/controller/consume.go:241.115,244.3 2 0
github.com/armada/configbundle/internal/controller/consume.go:246.2,247.30 2 0
github.com/armada/configbundle/internal/controller/consume.go:252.79,253.62 1 1
github.com/armada/configbundle/internal/controller/consume.go:253.62,256.3 2 1
github.com/armada/configbundle/internal/controller/consume.go:257.2,260.51 4 1
github.com/armada/configbundle/internal/controller/consume.go:265.104,267.16 2 1
github.com/armada/configbundle/internal/controller/consume.go:267.16,269.3 1 0
github.com/armada/configbundle/internal/controller/consume.go:270.2,270.27 1 1
github.com/armada/configbundle/internal/controller/consume.go:270.27,272.3 1 1
github.com/armada/configbundle/internal/controller/consume.go:275.2,280.39 3 1
github.com/armada/configbundle/internal/controller/consume.go:280.39,282.3 1 0
github.com/armada/configbundle/internal/controller/consume.go:287.2,293.16 3 1
github.com/armada/configbundle/internal/controller/consume.go:293.16,295.3 1 0
github.com/armada/configbundle/internal/controller/consume.go:297.2,311.52 3 1
github.com/armada/configbundle/internal/controller/consume.go:311.52,312.18 1 1
github.com/armada/configbundle/internal/controller/consume.go:312.18,314.11 2 0
github.com/armada/configbundle/internal/controller/consume.go:315.22,316.85 1 0
github.com/armada/configbundle/internal/controller/consume.go:317.28,317.28 0 0
github.com/armada/configbundle/internal/controller/consume.go:320.3,323.21 2 1
github.com/armada/configbundle/internal/controller/consume.go:323.21,324.9 1 1
github.com/armada/configbundle/internal/controller/consume.go:332.2,334.42 2 1
github.com/armada/configbundle/internal/controller/consume.go:334.42,336.3 1 0
github.com/armada/configbundle/internal/controller/consume.go:337.2,337.20 1 1
github.com/armada/configbundle/internal/controller/consume.go:337.20,339.3 1 0
github.com/armada/configbundle/internal/controller/consume.go:340.2,340.24 1 1
github.com/armada/configbundle/internal/controller/consume.go:340.24,342.3 1 0
github.com/armada/configbundle/internal/controller/consume.go:345.2,345.23 1 1
github.com/armada/configbundle/internal/controller/consume.go:345.23,347.3 1 0
github.com/armada/configbundle/internal/controller/consume.go:353.2,354.63 2 1
github.com/armada/configbundle/internal/controller/consume.go:354.63,356.83 2 1
github.com/armada/configbundle/internal/controller/consume.go:356.83,358.4 1 0
github.com/armada/configbundle/internal/controller/consume.go:359.3,365.44 6 1
github.com/armada/configbundle/internal/controller/consume.go:367.2,367.16 1 1
github.com/armada/configbundle/internal/controller/consume.go:367.16,368.32 1 0
github.com/armada/configbundle/internal/controller/consume.go:368.32,370.4 1 0
github.com/armada/configbundle/internal/controller/consume.go:371.3,371.59 1 0
github.com/armada/configbundle/internal/controller/consume.go:373.2,373.34 1 1
github.com/armada/configbundle/internal/controller/consume.go:373.34,377.3 1 1
github.com/armada/configbundle/internal/controller/consume.go:379.2,379.12 1 1
github.com/armada/configbundle/internal/controller/consume.go:383.68,385.52 2 1
github.com/armada/configbundle/internal/controller/consume.go:385.52,387.3 1 1
github.com/armada/configbundle/internal/controller/consume.go:388.2,388.18 1 1
github.com/armada/configbundle/internal/controller/consume.go:404.138,406.16 2 1
github.com/armada/configbundle/internal/controller/consume.go:406.16,408.3 1 0
github.com/armada/configbundle/internal/controller/consume.go:409.2,410.54 2 1
github.com/armada/configbundle/internal/controller/consume.go:410.54,412.3 1 0
github.com/armada/configbundle/internal/controller/consume.go:413.2,413.38 1 1
github.com/armada/configbundle/internal/controller/consume.go:413.38,415.75 1 1
github.com/armada/configbundle/internal/controller/consume.go:415.75,416.12 1 1
github.com/armada/configbundle/internal/controller/consume.go:418.3,419.69 2 1
github.com/armada/configbundle/internal/controller/consume.go:419.69,420.12 1 0
github.com/armada/configbundle/internal/controller/consume.go:423.3,424.23 2 1
github.com/armada/configbundle/internal/controller/consume.go:424.23,426.4 1 1
github.com/armada/configbundle/internal/controller/consume.go:428.2,429.16 2 1
github.com/armada/configbundle/internal/controller/consume.go:429.16,431.3 1 0
github.com/armada/configbundle/internal/controller/consume.go:432.2,433.58 2 1
github.com/armada/configbundle/internal/controller/consume.go:433.58,435.3 1 0
github.com/armada/configbundle/internal/controller/consume.go:436.2,436.21 1 1
github.com/armada/configbundle/internal/controller/consume.go:444.68,445.40 1 1
github.com/armada/configbundle/internal/controller/consume.go:445.40,446.41 1 1
github.com/armada/configbundle/internal/controller/consume.go:446.41,447.12 1 1
github.com/armada/configbundle/internal/controller/consume.go:449.3,451.29 3 1
github.com/armada/configbundle/internal/controller/consume.go:451.29,453.12 2 1
github.com/armada/configbundle/internal/controller/consume.go:455.3,455.37 1 1
github.com/armada/configbundle/internal/controller/consume.go:456.23,457.38 1 1
github.com/armada/configbundle/internal/controller/consume.go:458.14,459.57 1 1
github.com/armada/configbundle/internal/controller/consume.go:469.68,471.30 2 1
github.com/armada/configbundle/internal/controller/consume.go:471.30,473.10 2 1
github.com/armada/configbundle/internal/controller/consume.go:473.10,475.12 2 0
github.com/armada/configbundle/internal/controller/consume.go:477.3,478.41 2 1
github.com/armada/configbundle/internal/controller/consume.go:478.41,479.42 1 1
github.com/armada/configbundle/internal/controller/consume.go:479.42,480.13 1 0
github.com/armada/configbundle/internal/controller/consume.go:482.4,483.94 2 1
github.com/armada/configbundle/internal/controller/consume.go:483.94,484.13 1 0
github.com/armada/configbundle/internal/controller/consume.go:486.4,486.43 1 1
github.com/armada/configbundle/internal/controller/consume.go:486.43,487.13 1 1
github.com/armada/configbundle/internal/controller/consume.go:489.4,490.30 2 1
github.com/armada/configbundle/internal/controller/consume.go:490.30,492.10 2 0
github.com/armada/configbundle/internal/controller/consume.go:494.4,498.29 2 1
github.com/armada/configbundle/internal/controller/consume.go:498.29,500.5 1 1
github.com/armada/configbundle/internal/controller/consume.go:501.4,501.9 1 1
github.com/armada/configbundle/internal/controller/consume.go:503.3,503.12 1 1
github.com/armada/configbundle/internal/controller/consume.go:503.12,505.4 1 1
github.com/armada/configbundle/internal/controller/consume.go:507.2,507.12 1 1
github.com/armada/configbundle/internal/controller/consume.go:510.76,511.27 1 1
github.com/armada/configbundle/internal/controller/consume.go:511.27,512.20 1 1
github.com/armada/configbundle/internal/controller/consume.go:512.20,514.4 1 1
github.com/armada/configbundle/internal/controller/consume.go:516.2,516.13 1 1
github.com/armada/configbundle/internal/controller/consume.go:525.146,527.32 2 1
github.com/armada/configbundle/internal/controller/consume.go:527.32,528.25 1 1
github.com/armada/configbundle/internal/controller/consume.go:528.25,532.22 4 1
github.com/armada/configbundle/internal/controller/consume.go:532.22,535.5 2 0
github.com/armada/configbundle/internal/controller/consume.go:536.4,536.15 1 1
github.com/armada/configbundle/internal/controller/consume.go:539.2,546.11 2 1
github.com/armada/configbundle/internal/controller/divergence_reporter.go:45.67,46.37 1 1
github.com/armada/configbundle/internal/controller/divergence_reporter.go:46.37,46.58 1 1
github.com/armada/configbundle/internal/controller/divergence_reporter.go:49.66,50.37 1 1
github.com/armada/configbundle/internal/controller/divergence_reporter.go:50.37,50.57 1 1
github.com/armada/configbundle/internal/controller/divergence_reporter.go:53.71,54.37 1 1
github.com/armada/configbundle/internal/controller/divergence_reporter.go:54.37,54.61 1 1
github.com/armada/configbundle/internal/controller/divergence_reporter.go:57.67,58.37 1 1
github.com/armada/configbundle/internal/controller/divergence_reporter.go:58.37,58.60 1 1
github.com/armada/configbundle/internal/controller/divergence_reporter.go:61.99,73.27 2 1
github.com/armada/configbundle/internal/controller/divergence_reporter.go:73.27,75.3 1 1
github.com/armada/configbundle/internal/controller/divergence_reporter.go:76.2,76.10 1 1
github.com/armada/configbundle/internal/controller/divergence_reporter.go:95.94,97.16 2 1
github.com/armada/configbundle/internal/controller/divergence_reporter.go:97.16,99.3 1 0
github.com/armada/configbundle/internal/controller/divergence_reporter.go:101.2,102.16 2 1
github.com/armada/configbundle/internal/controller/divergence_reporter.go:102.16,104.3 1 0
github.com/armada/configbundle/internal/controller/divergence_reporter.go:105.2,108.16 3 1
github.com/armada/configbundle/internal/controller/divergence_reporter.go:108.16,110.3 1 0
github.com/armada/configbundle/internal/controller/divergence_reporter.go:111.2,114.53 3 1
github.com/armada/configbundle/internal/controller/divergence_reporter.go:114.53,116.3 1 0
github.com/armada/configbundle/internal/controller/divergence_reporter.go:117.2,117.12 1 1
github.com/armada/configbundle/internal/controller/divergence_reporter.go:124.148,126.26 2 1
github.com/armada/configbundle/internal/controller/divergence_reporter.go:126.26,128.3 1 1
github.com/armada/configbundle/internal/controller/divergence_reporter.go:130.2,131.32 2 1
github.com/armada/configbundle/internal/controller/divergence_reporter.go:131.32,141.31 3 1
github.com/armada/configbundle/internal/controller/divergence_reporter.go:141.31,142.12 1 1
github.com/armada/configbundle/internal/controller/divergence_reporter.go:145.3,145.44 1 1
github.com/armada/configbundle/internal/controller/divergence_reporter.go:145.44,146.12 1 1
github.com/armada/configbundle/internal/controller/divergence_reporter.go:149.3,150.17 2 1
github.com/armada/configbundle/internal/controller/divergence_reporter.go:150.17,152.12 1 0
github.com/armada/configbundle/internal/controller/divergence_reporter.go:155.3,163.5 1 1
github.com/armada/configbundle/internal/controller/divergence_reporter.go:165.2,165.18 1 1
github.com/armada/configbundle/internal/controller/divergence_reporter.go:170.91,174.2 3 1
github.com/armada/configbundle/internal/controller/divergence_reporter.go:178.54,181.41 3 1
github.com/armada/configbundle/internal/controller/divergence_reporter.go:181.41,182.41 1 1
github.com/armada/configbundle/internal/controller/divergence_reporter.go:182.41,184.4 1 1
github.com/armada/configbundle/internal/controller/divergence_reporter.go:185.3,185.43 1 0
github.com/armada/configbundle/internal/controller/divergence_reporter.go:187.2,188.25 2 1
github.com/armada/configbundle/internal/controller/divergence_reporter.go:202.41,203.14 1 1
github.com/armada/configbundle/internal/controller/divergence_reporter.go:203.14,205.3 1 1
github.com/armada/configbundle/internal/controller/divergence_reporter.go:206.2,207.19 2 1
github.com/armada/configbundle/internal/controller/divergence_reporter.go:208.66,209.20 1 1
github.com/armada/configbundle/internal/controller/divergence_reporter.go:211.2,211.14 1 1
github.com/armada/configbundle/internal/controller/divergence_reporter.go:228.109,229.38 1 1
github.com/armada/configbundle/internal/controller/divergence_reporter.go:229.38,230.74 1 1
github.com/armada/configbundle/internal/controller/divergence_reporter.go:230.74,231.12 1 1
github.com/armada/configbundle/internal/controller/divergence_reporter.go:233.3,233.49 1 1
github.com/armada/configbundle/internal/controller/divergence_reporter.go:233.49,234.12 1 1
github.com/armada/configbundle/internal/controller/divergence_reporter.go:236.3,237.69 2 1
github.com/armada/configbundle/internal/controller/divergence_reporter.go:237.69,238.12 1 0
github.com/armada/configbundle/internal/controller/divergence_reporter.go:240.3,240.49 1 1
github.com/armada/configbundle/internal/controller/divergence_reporter.go:240.49,241.12 1 1
github.com/armada/configbundle/internal/controller/divergence_reporter.go:243.3,246.4 1 0
github.com/armada/configbundle/internal/controller/divergence_reporter.go:260.79,262.38 2 1
github.com/armada/configbundle/internal/controller/divergence_reporter.go:262.38,263.75 1 1
github.com/armada/configbundle/internal/controller/divergence_reporter.go:263.75,264.12 1 1
github.com/armada/configbundle/internal/controller/divergence_reporter.go:266.3,267.24 2 1
github.com/armada/configbundle/internal/controller/divergence_reporter.go:267.24,269.4 1 1
github.com/armada/configbundle/internal/controller/divergence_reporter.go:271.3,272.69 2 1
github.com/armada/configbundle/internal/controller/divergence_reporter.go:272.69,273.12 1 0
github.com/armada/configbundle/internal/controller/divergence_reporter.go:276.3,276.54 1 1
github.com/armada/configbundle/internal/controller/divergence_reporter.go:278.2,278.14 1 1
github.com/armada/configbundle/internal/controller/divergence_reporter.go:282.111,283.29 1 1
github.com/armada/configbundle/internal/controller/divergence_reporter.go:283.29,285.17 2 1
github.com/armada/configbundle/internal/controller/divergence_reporter.go:285.17,286.12 1 1
github.com/armada/configbundle/internal/controller/divergence_reporter.go:289.3,290.29 2 1
github.com/armada/configbundle/internal/controller/divergence_reporter.go:290.29,292.12 2 1
github.com/armada/configbundle/internal/controller/divergence_reporter.go:297.3,298.27 2 1
github.com/armada/configbundle/internal/controller/divergence_reporter.go:298.27,299.61 1 1
github.com/armada/configbundle/internal/controller/divergence_reporter.go:299.61,301.10 2 1
github.com/armada/configbundle/internal/controller/divergence_reporter.go:304.3,304.19 1 1
github.com/armada/configbundle/internal/controller/divergence_reporter.go:304.19,306.4 1 1
github.com/armada/configbundle/internal/controller/divergence_reporter.go:306.9,308.32 1 1
github.com/armada/configbundle/internal/controller/divergence_reporter.go:308.32,310.23 2 1
github.com/armada/configbundle/internal/controller/divergence_reporter.go:310.23,312.6 1 1
github.com/armada/configbundle/internal/controller/divergence_reporter.go:320.48,321.9 1 1
github.com/armada/configbundle/internal/controller/divergence_reporter.go:322.36,324.19 2 1
github.com/armada/configbundle/internal/controller/divergence_reporter.go:324.19,326.4 1 1
github.com/armada/configbundle/internal/controller/divergence_reporter.go:327.3,327.30 1 1
github.com/armada/configbundle/internal/controller/divergence_reporter.go:328.36,332.62 3 1
github.com/armada/configbundle/internal/controller/divergence_reporter.go:332.62,334.4 1 0
github.com/armada/configbundle/internal/controller/divergence_reporter.go:336.3,336.28 1 1
github.com/armada/configbundle/internal/controller/divergence_reporter.go:336.28,338.20 2 1
github.com/armada/configbundle/internal/controller/divergence_reporter.go:338.20,340.5 1 0
github.com/armada/configbundle/internal/controller/divergence_reporter.go:341.4,341.28 1 1
github.com/armada/configbundle/internal/controller/divergence_reporter.go:343.3,343.12 1 0
github.com/armada/configbundle/internal/controller/divergence_reporter.go:344.10,345.12 1 1
github.com/armada/configbundle/internal/controller/divergence_reporter.go:353.76,356.21 3 1
github.com/armada/configbundle/internal/controller/divergence_reporter.go:356.21,358.3 1 0
github.com/armada/configbundle/internal/controller/divergence_reporter.go:360.2,361.29 2 1
github.com/armada/configbundle/internal/controller/divergence_reporter.go:361.29,362.26 1 1
github.com/armada/configbundle/internal/controller/divergence_reporter.go:362.26,365.11 2 1
github.com/armada/configbundle/internal/controller/divergence_reporter.go:365.11,367.5 1 0
github.com/armada/configbundle/internal/controller/divergence_reporter.go:368.4,369.30 2 1
github.com/armada/configbundle/internal/controller/divergence_reporter.go:369.30,370.33 1 1
github.com/armada/configbundle/internal/controller/divergence_reporter.go:370.33,373.11 3 1
github.com/armada/configbundle/internal/controller/divergence_reporter.go:376.4,376.14 1 1
github.com/armada/configbundle/internal/controller/divergence_reporter.go:376.14,378.5 1 1
github.com/armada/configbundle/internal/controller/divergence_reporter.go:379.4,379.12 1 1
github.com/armada/configbundle/internal/controller/divergence_reporter.go:383.3,384.21 2 1
github.com/armada/configbundle/internal/controller/divergence_reporter.go:384.21,386.4 1 0
github.com/armada/configbundle/internal/controller/divergence_reporter.go:388.2,388.16 1 1
github.com/armada/configbundle/internal/controller/divergence_reporter.go:399.40,402.22 3 1
github.com/armada/configbundle/internal/controller/divergence_reporter.go:402.22,407.61 3 1
github.com/armada/configbundle/internal/controller/divergence_reporter.go:407.61,410.19 2 1
github.com/armada/configbundle/internal/controller/divergence_reporter.go:410.19,412.5 1 1
github.com/armada/configbundle/internal/controller/divergence_reporter.go:414.4,415.22 2 1
github.com/armada/configbundle/internal/controller/divergence_reporter.go:415.22,416.10 1 0
github.com/armada/configbundle/internal/controller/divergence_reporter.go:418.4,421.18 3 1
github.com/armada/configbundle/internal/controller/divergence_reporter.go:421.18,423.5 1 1
github.com/armada/configbundle/internal/controller/divergence_reporter.go:424.4,425.41 2 1
github.com/armada/configbundle/internal/controller/divergence_reporter.go:425.41,427.5 1 1
github.com/armada/configbundle/internal/controller/divergence_reporter.go:428.9,428.25 1 1
github.com/armada/configbundle/internal/controller/divergence_reporter.go:428.25,430.19 2 1
github.com/armada/configbundle/internal/controller/divergence_reporter.go:430.19,432.5 1 1
github.com/armada/configbundle/internal/controller/divergence_reporter.go:433.4,433.36 1 1
github.com/armada/configbundle/internal/controller/divergence_reporter.go:434.9,435.23 1 1
github.com/armada/configbundle/internal/controller/divergence_reporter.go:435.23,437.5 1 1
github.com/armada/configbundle/internal/controller/divergence_reporter.go:438.4,438.9 1 1
github.com/armada/configbundle/internal/controller/divergence_reporter.go:441.2,441.14 1 1
github.com/armada/configbundle/internal/controller/divergence_reporter.go:445.67,447.29 2 1
github.com/armada/configbundle/internal/controller/divergence_reporter.go:447.29,449.3 1 0
github.com/armada/configbundle/internal/controller/divergence_reporter.go:450.2,450.32 1 1
github.com/armada/configbundle/internal/controller/divergence_reporter.go:450.32,452.3 1 0
github.com/armada/configbundle/internal/controller/divergence_reporter.go:453.2,454.36 2 1
github.com/armada/configbundle/internal/controller/divergence_reporter.go:454.36,457.23 3 1
github.com/armada/configbundle/internal/controller/divergence_reporter.go:457.23,459.4 1 1
github.com/armada/configbundle/internal/controller/divergence_reporter.go:461.2,461.12 1 0
github.com/armada/configbundle/internal/controller/divergence_reporter_controller.go:23.71,29.2 1 1
github.com/armada/configbundle/internal/controller/divergence_reporter_controller.go:34.110,37.16 2 1
github.com/armada/configbundle/internal/controller/divergence_reporter_controller.go:37.16,39.3 1 0
github.com/armada/configbundle/internal/controller/divergence_reporter_controller.go:41.2,47.50 5 1
github.com/armada/configbundle/internal/controller/divergence_reporter_controller.go:47.50,49.3 1 1
github.com/armada/configbundle/internal/controller/divergence_reporter_controller.go:51.2,52.67 2 1
github.com/armada/configbundle/internal/controller/divergence_reporter_controller.go:52.67,54.3 1 0
github.com/armada/configbundle/internal/controller/divergence_reporter_controller.go:56.2,57.16 2 1
github.com/armada/configbundle/internal/controller/divergence_reporter_controller.go:57.16,58.40 1 1
github.com/armada/configbundle/internal/controller/divergence_reporter_controller.go:58.40,61.4 2 0
github.com/armada/configbundle/internal/controller/divergence_reporter_controller.go:62.3,62.75 1 1
github.com/armada/configbundle/internal/controller/divergence_reporter_controller.go:65.2,78.14 11 1
github.com/armada/configbundle/internal/controller/divergence_reporter_controller.go:78.14,81.3 2 0
github.com/armada/configbundle/internal/controller/divergence_reporter_controller.go:83.2,83.50 1 1
github.com/armada/configbundle/internal/controller/divergence_reporter_controller.go:83.50,85.3 1 0
github.com/armada/configbundle/internal/controller/divergence_reporter_controller.go:87.2,92.32 5 1
github.com/armada/configbundle/internal/controller/divergence_reporter_controller.go:95.62,97.46 1 1
github.com/armada/configbundle/internal/controller/divergence_reporter_controller.go:97.46,98.93 1 1
github.com/armada/configbundle/internal/controller/divergence_reporter_controller.go:98.93,100.5 1 1
github.com/armada/configbundle/internal/controller/divergence_reporter_controller.go:101.4,105.15 5 1
github.com/armada/configbundle/internal/controller/divergence_reporter_controller.go:107.47,107.63 1 1
github.com/armada/configbundle/internal/controller/divergence_reporter_controller.go:108.47,108.63 1 0
github.com/armada/configbundle/internal/controller/divergence_reporter_controller.go:109.48,109.64 1 0
github.com/armada/configbundle/internal/controller/divergence_reporter_controller.go:114.70,115.72 1 1
github.com/armada/configbundle/internal/controller/divergence_reporter_controller.go:115.72,117.28 2 1
github.com/armada/configbundle/internal/controller/divergence_reporter_controller.go:117.28,118.67 1 1
github.com/armada/configbundle/internal/controller/divergence_reporter_controller.go:118.67,120.5 1 1
github.com/armada/configbundle/internal/controller/divergence_reporter_controller.go:122.3,122.11 1 1
github.com/armada/configbundle/internal/controller/divergence_reporter_controller.go:124.2,126.32 3 1
github.com/armada/configbundle/internal/controller/divergence_reporter_controller.go:126.32,128.3 1 1
github.com/armada/configbundle/internal/controller/divergence_reporter_controller.go:129.2,129.27 1 1
github.com/armada/configbundle/internal/controller/divergence_reporter_controller.go:129.27,131.33 2 1
github.com/armada/configbundle/internal/controller/divergence_reporter_controller.go:131.33,133.4 1 1
github.com/armada/configbundle/internal/controller/divergence_reporter_controller.go:135.2,135.14 1 1
github.com/armada/configbundle/internal/controller/mapping.go:42.83,43.14 1 1
github.com/armada/configbundle/internal/controller/mapping.go:43.14,45.3 1 0
github.com/armada/configbundle/internal/controller/mapping.go:46.2,46.37 1 1
github.com/armada/configbundle/internal/controller/mapping.go:46.37,47.10 1 1
github.com/armada/configbundle/internal/controller/mapping.go:48.26,49.93 1 1
github.com/armada/configbundle/internal/controller/mapping.go:50.47,52.39 2 1
github.com/armada/configbundle/internal/controller/mapping.go:52.39,54.5 1 1
github.com/armada/configbundle/internal/controller/mapping.go:55.4,55.43 1 1
github.com/armada/configbundle/internal/controller/mapping.go:58.2,58.74 1 1
github.com/armada/configbundle/internal/controller/mapping.go:62.47,64.46 2 1
github.com/armada/configbundle/internal/controller/mapping.go:64.46,66.3 1 1
github.com/armada/configbundle/internal/controller/mapping.go:67.2,67.23 1 1
github.com/armada/configbundle/internal/controller/mapping.go:67.23,69.3 1 1
github.com/armada/configbundle/internal/controller/mapping.go:70.2,72.54 3 1
github.com/armada/configbundle/internal/controller/mapping.go:72.54,74.3 1 1
github.com/armada/configbundle/internal/controller/mapping.go:75.2,75.16 1 1
github.com/armada/configbundle/internal/controller/mapping.go:79.49,81.2 1 1
github.com/armada/configbundle/internal/controller/mapping.go:87.150,88.64 1 1
github.com/armada/configbundle/internal/controller/mapping.go:88.64,95.68 2 1
github.com/armada/configbundle/internal/controller/mapping.go:95.68,106.4 4 1
github.com/armada/configbundle/internal/controller/mapping.go:107.3,107.13 1 1
github.com/armada/configbundle/internal/controller/mapping.go:113.109,118.22 2 1
github.com/armada/configbundle/internal/controller/mapping.go:118.22,120.3 1 1
github.com/armada/configbundle/internal/controller/mapping.go:121.2,122.15 2 1
github.com/armada/configbundle/internal/controller/mapping.go:122.15,124.3 1 0
github.com/armada/configbundle/internal/controller/mapping.go:125.2,125.34 1 1
github.com/armada/configbundle/internal/controller/takeover.go:26.142,27.33 1 1
github.com/armada/configbundle/internal/controller/takeover.go:27.33,29.3 1 1
github.com/armada/configbundle/internal/controller/takeover.go:31.2,36.42 3 1
github.com/armada/configbundle/internal/controller/takeover.go:36.42,37.73 1 1
github.com/armada/configbundle/internal/controller/takeover.go:37.73,41.12 3 1
github.com/armada/configbundle/internal/controller/takeover.go:43.3,44.81 1 1
github.com/armada/configbundle/internal/controller/takeover.go:47.2,47.41 1 1
github.com/armada/configbundle/internal/controller/takeover.go:47.41,50.3 1 1
github.com/armada/configbundle/internal/controller/takeover.go:52.2,66.16 2 1
github.com/armada/configbundle/internal/controller/takeover.go:66.16,68.3 1 0
github.com/armada/configbundle/internal/controller/takeover.go:70.2,70.19 1 1
github.com/armada/configbundle/internal/controller/takeover.go:70.19,72.3 1 0
github.com/armada/configbundle/internal/controller/takeover.go:73.2,73.12 1 1
github.com/armada/configbundle/internal/controller/takeover.go:79.136,81.34 2 1
github.com/armada/configbundle/internal/controller/takeover.go:81.34,82.53 1 1
github.com/armada/configbundle/internal/controller/takeover.go:82.53,84.9 2 1
github.com/armada/configbundle/internal/controller/takeover.go:87.2,87.22 1 1
github.com/armada/configbundle/internal/controller/takeover.go:87.22,89.3 1 1
github.com/armada/configbundle/internal/controller/takeover.go:91.2,92.35 2 1
github.com/armada/configbundle/internal/controller/takeover.go:92.35,93.54 1 1
github.com/armada/configbundle/internal/controller/takeover.go:93.54,95.9 2 1
github.com/armada/configbundle/internal/controller/takeover.go:98.2,98.22 1 1
github.com/armada/configbundle/internal/controller/takeover.go:98.22,108.3 2 0
github.com/armada/configbundle/internal/controller/takeover.go:110.2,110.76 1 1
github.com/armada/configbundle/internal/controller/takeover.go:110.76,112.3 1 0
github.com/armada/configbundle/internal/controller/takeover.go:113.2,113.12 1 1
github.com/armada/configbundle/internal/controller/takeover.go:120.74,121.95 1 1
github.com/armada/configbundle/internal/controller/takeover.go:121.95,123.3 1 1
github.com/armada/configbundle/internal/controller/takeover.go:124.2,124.109 1 1
github.com/armada/configbundle/internal/controller/takeover.go:124.109,126.3 1 1
github.com/armada/configbundle/internal/controller/takeover.go:127.2,127.55 1 1
github.com/armada/configbundle/internal/controller/takeover.go:133.77,135.36 2 1
github.com/armada/configbundle/internal/controller/takeover.go:135.36,137.22 2 1
github.com/armada/configbundle/internal/controller/takeover.go:137.22,140.4 2 1
github.com/armada/configbundle/internal/controller/takeover.go:142.2,142.14 1 1
